TN:
SF:/Users/asad97/my-stuff/audits/ignit-cyfrin/ignite/lib/forge-std/src/Base.sol
DA:27,0
end_of_record
SF:/Users/asad97/my-stuff/audits/ignit-cyfrin/ignite/lib/forge-std/src/StdAssertions.sol
DA:8,0
DA:39,0
DA:40,0
DA:42,0
DA:52,0
DA:76,0
FN:38,failed
FNDA:0,failed
FN:46,fail
FNDA:0,fail
FN:51,assertTrue
FNDA:0,assertTrue
FN:55,assertTrue
FNDA:0,assertTrue
FN:59,assertFalse
FNDA:0,assertFalse
FN:63,assertFalse
FNDA:0,assertFalse
FN:67,assertEq
FNDA:0,assertEq
FN:71,assertEq
FNDA:0,assertEq
FN:75,assertEq
FNDA:0,assertEq
FN:79,assertEq
FNDA:0,assertEq
FN:83,assertEqDecimal
FNDA:0,assertEqDecimal
FN:87,assertEqDecimal
FNDA:0,assertEqDecimal
FN:91,assertEq
FNDA:0,assertEq
FN:95,assertEq
FNDA:0,assertEq
FN:99,assertEqDecimal
FNDA:0,assertEqDecimal
FN:103,assertEqDecimal
FNDA:0,assertEqDecimal
FN:107,assertEq
FNDA:0,assertEq
FN:111,assertEq
FNDA:0,assertEq
FN:115,assertEq
FNDA:0,assertEq
FN:119,assertEq
FNDA:0,assertEq
FN:123,assertEq32
FNDA:0,assertEq32
FN:127,assertEq32
FNDA:0,assertEq32
FN:131,assertEq
FNDA:0,assertEq
FN:135,assertEq
FNDA:0,assertEq
FN:139,assertEq
FNDA:0,assertEq
FN:143,assertEq
FNDA:0,assertEq
FN:147,assertEq
FNDA:0,assertEq
FN:151,assertEq
FNDA:0,assertEq
FN:155,assertEq
FNDA:0,assertEq
FN:159,assertEq
FNDA:0,assertEq
FN:163,assertEq
FNDA:0,assertEq
FN:167,assertEq
FNDA:0,assertEq
FN:171,assertEq
FNDA:0,assertEq
FN:175,assertEq
FNDA:0,assertEq
FN:179,assertEq
FNDA:0,assertEq
FN:183,assertEq
FNDA:0,assertEq
FN:187,assertEq
FNDA:0,assertEq
FN:191,assertEq
FNDA:0,assertEq
FN:195,assertEq
FNDA:0,assertEq
FN:199,assertEq
FNDA:0,assertEq
FN:204,assertEqUint
FNDA:0,assertEqUint
FN:208,assertNotEq
FNDA:0,assertNotEq
FN:212,assertNotEq
FNDA:0,assertNotEq
FN:216,assertNotEq
FNDA:0,assertNotEq
FN:220,assertNotEq
FNDA:0,assertNotEq
FN:224,assertNotEqDecimal
FNDA:0,assertNotEqDecimal
FN:228,assertNotEqDecimal
FNDA:0,assertNotEqDecimal
FN:236,assertNotEq
FNDA:0,assertNotEq
FN:240,assertNotEq
FNDA:0,assertNotEq
FN:244,assertNotEqDecimal
FNDA:0,assertNotEqDecimal
FN:248,assertNotEqDecimal
FNDA:0,assertNotEqDecimal
FN:252,assertNotEq
FNDA:0,assertNotEq
FN:256,assertNotEq
FNDA:0,assertNotEq
FN:260,assertNotEq
FNDA:0,assertNotEq
FN:264,assertNotEq
FNDA:0,assertNotEq
FN:268,assertNotEq32
FNDA:0,assertNotEq32
FN:272,assertNotEq32
FNDA:0,assertNotEq32
FN:276,assertNotEq
FNDA:0,assertNotEq
FN:280,assertNotEq
FNDA:0,assertNotEq
FN:284,assertNotEq
FNDA:0,assertNotEq
FN:288,assertNotEq
FNDA:0,assertNotEq
FN:292,assertNotEq
FNDA:0,assertNotEq
FN:296,assertNotEq
FNDA:0,assertNotEq
FN:300,assertNotEq
FNDA:0,assertNotEq
FN:304,assertNotEq
FNDA:0,assertNotEq
FN:308,assertNotEq
FNDA:0,assertNotEq
FN:312,assertNotEq
FNDA:0,assertNotEq
FN:316,assertNotEq
FNDA:0,assertNotEq
FN:320,assertNotEq
FNDA:0,assertNotEq
FN:324,assertNotEq
FNDA:0,assertNotEq
FN:328,assertNotEq
FNDA:0,assertNotEq
FN:332,assertNotEq
FNDA:0,assertNotEq
FN:336,assertNotEq
FNDA:0,assertNotEq
FN:340,assertNotEq
FNDA:0,assertNotEq
FN:344,assertNotEq
FNDA:0,assertNotEq
FN:348,assertLt
FNDA:0,assertLt
FN:352,assertLt
FNDA:0,assertLt
FN:356,assertLtDecimal
FNDA:0,assertLtDecimal
FN:360,assertLtDecimal
FNDA:0,assertLtDecimal
FN:364,assertLt
FNDA:0,assertLt
FN:368,assertLt
FNDA:0,assertLt
FN:372,assertLtDecimal
FNDA:0,assertLtDecimal
FN:376,assertLtDecimal
FNDA:0,assertLtDecimal
FN:380,assertGt
FNDA:0,assertGt
FN:384,assertGt
FNDA:0,assertGt
FN:388,assertGtDecimal
FNDA:0,assertGtDecimal
FN:392,assertGtDecimal
FNDA:0,assertGtDecimal
FN:396,assertGt
FNDA:0,assertGt
FN:400,assertGt
FNDA:0,assertGt
FN:404,assertGtDecimal
FNDA:0,assertGtDecimal
FN:408,assertGtDecimal
FNDA:0,assertGtDecimal
FN:412,assertLe
FNDA:0,assertLe
FN:416,assertLe
FNDA:0,assertLe
FN:420,assertLeDecimal
FNDA:0,assertLeDecimal
FN:424,assertLeDecimal
FNDA:0,assertLeDecimal
FN:428,assertLe
FNDA:0,assertLe
FN:432,assertLe
FNDA:0,assertLe
FN:436,assertLeDecimal
FNDA:0,assertLeDecimal
FN:440,assertLeDecimal
FNDA:0,assertLeDecimal
FN:444,assertGe
FNDA:0,assertGe
FN:448,assertGe
FNDA:0,assertGe
FN:452,assertGeDecimal
FNDA:0,assertGeDecimal
FN:456,assertGeDecimal
FNDA:0,assertGeDecimal
FN:460,assertGe
FNDA:0,assertGe
FN:464,assertGe
FNDA:0,assertGe
FN:468,assertGeDecimal
FNDA:0,assertGeDecimal
FN:472,assertGeDecimal
FNDA:0,assertGeDecimal
FN:476,assertApproxEqAbs
FNDA:0,assertApproxEqAbs
FN:480,assertApproxEqAbs
FNDA:0,assertApproxEqAbs
FN:488,assertApproxEqAbsDecimal
FNDA:0,assertApproxEqAbsDecimal
FN:496,assertApproxEqAbsDecimal
FNDA:0,assertApproxEqAbsDecimal
FN:506,assertApproxEqAbs
FNDA:0,assertApproxEqAbs
FN:510,assertApproxEqAbs
FNDA:0,assertApproxEqAbs
FN:514,assertApproxEqAbsDecimal
FNDA:0,assertApproxEqAbsDecimal
FN:522,assertApproxEqAbsDecimal
FNDA:0,assertApproxEqAbsDecimal
FN:530,assertApproxEqRel
FNDA:0,assertApproxEqRel
FN:538,assertApproxEqRel
FNDA:0,assertApproxEqRel
FN:547,assertApproxEqRelDecimal
FNDA:0,assertApproxEqRelDecimal
FN:556,assertApproxEqRelDecimal
FNDA:0,assertApproxEqRelDecimal
FN:566,assertApproxEqRel
FNDA:0,assertApproxEqRel
FN:570,assertApproxEqRel
FNDA:0,assertApproxEqRel
FN:579,assertApproxEqRelDecimal
FNDA:0,assertApproxEqRelDecimal
FN:588,assertApproxEqRelDecimal
FNDA:0,assertApproxEqRelDecimal
FN:599,checkEq0
FNDA:0,checkEq0
FN:603,assertEq0
FNDA:0,assertEq0
FN:607,assertEq0
FNDA:0,assertEq0
FN:611,assertNotEq0
FNDA:0,assertNotEq0
FN:615,assertNotEq0
FNDA:0,assertNotEq0
FN:619,assertEqCall
FNDA:0,assertEqCall
FN:623,assertEqCall
FNDA:0,assertEqCall
FN:630,assertEqCall
FNDA:0,assertEqCall
FN:637,assertEqCall
FNDA:0,assertEqCall
end_of_record
SF:/Users/asad97/my-stuff/audits/ignit-cyfrin/ignite/lib/forge-std/src/StdChains.sol
DA:66,0
FN:69,getChain
FNDA:0,getChain
FN:82,getChain
FNDA:0,getChain
FN:98,setChain
FNDA:0,setChain
FN:131,setChain
FNDA:0,setChain
FN:135,_toUpper
FNDA:0,_toUpper
FN:151,getChainWithUpdatedRpcUrl
FNDA:0,getChainWithUpdatedRpcUrl
FN:188,setFallbackToDefaultRpcUrls
FNDA:0,setFallbackToDefaultRpcUrls
FN:192,initializeStdChains
FNDA:0,initializeStdChains
FN:256,setChainWithDefaultRpcUrl
FNDA:0,setChainWithDefaultRpcUrl
end_of_record
SF:/Users/asad97/my-stuff/audits/ignit-cyfrin/ignite/lib/forge-std/src/StdCheats.sol
FN:209,assumeNotBlacklisted
FNDA:0,assumeNotBlacklisted
FN:233,assumeNoBlacklisted
FNDA:0,assumeNoBlacklisted
FN:237,assumeAddressIsNot
FNDA:0,assumeAddressIsNot
FN:251,assumeAddressIsNot
FNDA:0,assumeAddressIsNot
FN:256,assumeAddressIsNot
FNDA:0,assumeAddressIsNot
FN:267,assumeAddressIsNot
FNDA:0,assumeAddressIsNot
FN:284,_isPayable
FNDA:0,_isPayable
FN:305,assumePayable
FNDA:0,assumePayable
FN:309,assumeNotPayable
FNDA:0,assumeNotPayable
FN:313,assumeNotZeroAddress
FNDA:0,assumeNotZeroAddress
FN:317,assumeNotPrecompile
FNDA:0,assumeNotPrecompile
FN:321,assumeNotPrecompile
FNDA:0,assumeNotPrecompile
FN:344,assumeNotForgeAddress
FNDA:0,assumeNotForgeAddress
FN:352,readEIP1559ScriptArtifact
FNDA:0,readEIP1559ScriptArtifact
FN:372,rawToConvertedEIPTx1559s
FNDA:0,rawToConvertedEIPTx1559s
FN:380,rawToConvertedEIPTx1559
FNDA:0,rawToConvertedEIPTx1559
FN:391,rawToConvertedEIP1559Detail
FNDA:0,rawToConvertedEIP1559Detail
FN:409,readTx1559s
FNDA:0,readTx1559s
FN:416,readTx1559
FNDA:0,readTx1559
FN:425,readReceipts
FNDA:0,readReceipts
FN:432,readReceipt
FNDA:0,readReceipt
FN:440,rawToConvertedReceipts
FNDA:0,rawToConvertedReceipts
FN:448,rawToConvertedReceipt
FNDA:0,rawToConvertedReceipt
FN:466,rawToConvertedReceiptLogs
FNDA:0,rawToConvertedReceiptLogs
FN:490,deployCode
FNDA:0,deployCode
FN:500,deployCode
FNDA:0,deployCode
FN:511,deployCode
FNDA:0,deployCode
FN:521,deployCode
FNDA:0,deployCode
FN:532,makeAddrAndKey
FNDA:0,makeAddrAndKey
FN:539,makeAddr
FNDA:0,makeAddr
FN:547,destroyAccount
FNDA:0,destroyAccount
FN:558,makeAccount
FNDA:0,makeAccount
FN:562,deriveRememberKey
FNDA:0,deriveRememberKey
FN:571,_bytesToUint
FNDA:0,_bytesToUint
FN:576,isFork
FNDA:0,isFork
FN:619,_viewChainId
FNDA:0,_viewChainId
FN:628,_pureChainId
FNDA:0,_pureChainId
FN:647,skip
FNDA:0,skip
FN:651,rewind
FNDA:0,rewind
FN:656,hoax
FNDA:0,hoax
FN:661,hoax
FNDA:0,hoax
FN:666,hoax
FNDA:0,hoax
FN:671,hoax
FNDA:0,hoax
FN:677,startHoax
FNDA:0,startHoax
FN:682,startHoax
FNDA:0,startHoax
FN:689,startHoax
FNDA:0,startHoax
FN:694,startHoax
FNDA:0,startHoax
FN:699,changePrank
FNDA:0,changePrank
FN:705,changePrank
FNDA:0,changePrank
FN:712,deal
FNDA:0,deal
FN:718,deal
FNDA:0,deal
FN:724,dealERC1155
FNDA:0,dealERC1155
FN:728,deal
FNDA:0,deal
FN:749,dealERC1155
FNDA:0,dealERC1155
FN:774,dealERC721
FNDA:0,dealERC721
FN:796,deployCodeTo
FNDA:0,deployCodeTo
FN:800,deployCodeTo
FNDA:0,deployCodeTo
FN:804,deployCodeTo
FNDA:0,deployCodeTo
FN:813,console2_log_StdCheats
FNDA:0,console2_log_StdCheats
end_of_record
SF:/Users/asad97/my-stuff/audits/ignit-cyfrin/ignite/lib/forge-std/src/StdError.sol
DA:5,0
DA:6,0
DA:7,0
DA:8,0
DA:9,0
DA:10,0
DA:11,0
DA:12,0
DA:13,0
DA:14,0
end_of_record
SF:/Users/asad97/my-stuff/audits/ignit-cyfrin/ignite/lib/forge-std/src/StdInvariant.sol
DA:84,0
DA:88,0
DA:92,0
DA:96,0
DA:100,0
DA:104,0
DA:108,0
DA:112,0
DA:116,0
DA:120,0
FN:40,excludeContract
FNDA:0,excludeContract
FN:44,excludeSelector
FNDA:0,excludeSelector
FN:48,excludeSender
FNDA:0,excludeSender
FN:52,excludeArtifact
FNDA:0,excludeArtifact
FN:56,targetArtifact
FNDA:0,targetArtifact
FN:60,targetArtifactSelector
FNDA:0,targetArtifactSelector
FN:64,targetContract
FNDA:0,targetContract
FN:68,targetSelector
FNDA:0,targetSelector
FN:72,targetSender
FNDA:0,targetSender
FN:76,targetInterface
FNDA:0,targetInterface
FN:83,excludeArtifacts
FNDA:0,excludeArtifacts
FN:87,excludeContracts
FNDA:0,excludeContracts
FN:91,excludeSelectors
FNDA:0,excludeSelectors
FN:95,excludeSenders
FNDA:0,excludeSenders
FN:99,targetArtifacts
FNDA:0,targetArtifacts
FN:103,targetArtifactSelectors
FNDA:0,targetArtifactSelectors
FN:107,targetContracts
FNDA:0,targetContracts
FN:111,targetSelectors
FNDA:0,targetSelectors
FN:115,targetSenders
FNDA:0,targetSenders
FN:119,targetInterfaces
FNDA:0,targetInterfaces
end_of_record
SF:/Users/asad97/my-stuff/audits/ignit-cyfrin/ignite/lib/forge-std/src/StdJson.sol
DA:25,0
FN:28,keyExists
FNDA:0,keyExists
FN:32,parseRaw
FNDA:0,parseRaw
FN:36,readUint
FNDA:0,readUint
FN:40,readUintArray
FNDA:0,readUintArray
FN:44,readInt
FNDA:0,readInt
FN:48,readIntArray
FNDA:0,readIntArray
FN:52,readBytes32
FNDA:0,readBytes32
FN:56,readBytes32Array
FNDA:0,readBytes32Array
FN:60,readString
FNDA:0,readString
FN:64,readStringArray
FNDA:0,readStringArray
FN:68,readAddress
FNDA:0,readAddress
FN:72,readAddressArray
FNDA:0,readAddressArray
FN:76,readBool
FNDA:0,readBool
FN:80,readBoolArray
FNDA:0,readBoolArray
FN:84,readBytes
FNDA:0,readBytes
FN:88,readBytesArray
FNDA:0,readBytesArray
FN:92,readUintOr
FNDA:0,readUintOr
FN:96,readUintArrayOr
FNDA:0,readUintArrayOr
FN:104,readIntOr
FNDA:0,readIntOr
FN:108,readIntArrayOr
FNDA:0,readIntArrayOr
FN:116,readBytes32Or
FNDA:0,readBytes32Or
FN:124,readBytes32ArrayOr
FNDA:0,readBytes32ArrayOr
FN:132,readStringOr
FNDA:0,readStringOr
FN:140,readStringArrayOr
FNDA:0,readStringArrayOr
FN:148,readAddressOr
FNDA:0,readAddressOr
FN:156,readAddressArrayOr
FNDA:0,readAddressArrayOr
FN:164,readBoolOr
FNDA:0,readBoolOr
FN:168,readBoolArrayOr
FNDA:0,readBoolArrayOr
FN:176,readBytesOr
FNDA:0,readBytesOr
FN:184,readBytesArrayOr
FNDA:0,readBytesArrayOr
FN:192,serialize
FNDA:0,serialize
FN:196,serialize
FNDA:0,serialize
FN:200,serialize
FNDA:0,serialize
FN:207,serialize
FNDA:0,serialize
FN:211,serialize
FNDA:0,serialize
FN:218,serialize
FNDA:0,serialize
FN:222,serialize
FNDA:0,serialize
FN:229,serialize
FNDA:0,serialize
FN:233,serialize
FNDA:0,serialize
FN:240,serialize
FNDA:0,serialize
FN:244,serialize
FNDA:0,serialize
FN:251,serialize
FNDA:0,serialize
FN:255,serialize
FNDA:0,serialize
FN:262,serialize
FNDA:0,serialize
FN:269,serialize
FNDA:0,serialize
FN:276,write
FNDA:0,write
FN:280,write
FNDA:0,write
end_of_record
SF:/Users/asad97/my-stuff/audits/ignit-cyfrin/ignite/lib/forge-std/src/StdMath.sol
DA:4,0
FN:7,abs
FNDA:0,abs
FN:16,delta
FNDA:0,delta
FN:20,delta
FNDA:0,delta
FN:31,percentDelta
FNDA:0,percentDelta
FN:37,percentDelta
FNDA:0,percentDelta
end_of_record
SF:/Users/asad97/my-stuff/audits/ignit-cyfrin/ignite/lib/forge-std/src/StdStorage.sol
DA:24,0
DA:334,0
FN:31,sigs
FNDA:0,sigs
FN:35,getCallParams
FNDA:0,getCallParams
FN:44,callTarget
FNDA:0,callTarget
FN:55,checkSlotMutatesCall
FNDA:0,checkSlotMutatesCall
FN:71,findOffset
FNDA:0,findOffset
FN:85,findOffsets
FNDA:0,findOffsets
FN:96,find
FNDA:0,find
FN:106,find
FNDA:0,find
FN:171,target
FNDA:0,target
FN:176,sig
FNDA:0,sig
FN:181,sig
FNDA:0,sig
FN:186,with_calldata
FNDA:0,with_calldata
FN:191,with_key
FNDA:0,with_key
FN:196,with_key
FNDA:0,with_key
FN:201,with_key
FNDA:0,with_key
FN:206,enable_packed_slots
FNDA:0,enable_packed_slots
FN:211,depth
FNDA:0,depth
FN:216,read
FNDA:0,read
FN:224,read_bytes32
FNDA:0,read_bytes32
FN:228,read_bool
FNDA:0,read_bool
FN:235,read_address
FNDA:0,read_address
FN:239,read_uint
FNDA:0,read_uint
FN:243,read_int
FNDA:0,read_int
FN:247,parent
FNDA:0,parent
FN:261,root
FNDA:0,root
FN:282,bytesToBytes32
FNDA:0,bytesToBytes32
FN:292,flatten
FNDA:0,flatten
FN:305,clear
FNDA:0,clear
FN:316,getMaskByOffsets
FNDA:0,getMaskByOffsets
FN:325,getUpdatedSlotValue
FNDA:0,getUpdatedSlotValue
FN:337,sigs
FNDA:0,sigs
FN:341,find
FNDA:0,find
FN:345,find
FNDA:0,find
FN:349,target
FNDA:0,target
FN:353,sig
FNDA:0,sig
FN:357,sig
FNDA:0,sig
FN:361,with_key
FNDA:0,with_key
FN:365,with_key
FNDA:0,with_key
FN:369,with_key
FNDA:0,with_key
FN:373,with_calldata
FNDA:0,with_calldata
FN:377,enable_packed_slots
FNDA:0,enable_packed_slots
FN:381,depth
FNDA:0,depth
FN:385,clear
FNDA:0,clear
FN:389,checked_write
FNDA:0,checked_write
FN:393,checked_write
FNDA:0,checked_write
FN:397,checked_write_int
FNDA:0,checked_write_int
FN:401,checked_write
FNDA:0,checked_write
FN:410,checked_write
FNDA:0,checked_write
FN:446,read_bytes32
FNDA:0,read_bytes32
FN:450,read_bool
FNDA:0,read_bool
FN:454,read_address
FNDA:0,read_address
FN:458,read_uint
FNDA:0,read_uint
FN:462,read_int
FNDA:0,read_int
FN:466,parent
FNDA:0,parent
FN:470,root
FNDA:0,root
end_of_record
SF:/Users/asad97/my-stuff/audits/ignit-cyfrin/ignite/lib/forge-std/src/StdStyle.sol
DA:6,0
FN:22,styleConcat
FNDA:0,styleConcat
FN:26,red
FNDA:0,red
FN:30,red
FNDA:0,red
FN:34,red
FNDA:0,red
FN:38,red
FNDA:0,red
FN:42,red
FNDA:0,red
FN:46,redBytes
FNDA:0,redBytes
FN:50,redBytes32
FNDA:0,redBytes32
FN:54,green
FNDA:0,green
FN:58,green
FNDA:0,green
FN:62,green
FNDA:0,green
FN:66,green
FNDA:0,green
FN:70,green
FNDA:0,green
FN:74,greenBytes
FNDA:0,greenBytes
FN:78,greenBytes32
FNDA:0,greenBytes32
FN:82,yellow
FNDA:0,yellow
FN:86,yellow
FNDA:0,yellow
FN:90,yellow
FNDA:0,yellow
FN:94,yellow
FNDA:0,yellow
FN:98,yellow
FNDA:0,yellow
FN:102,yellowBytes
FNDA:0,yellowBytes
FN:106,yellowBytes32
FNDA:0,yellowBytes32
FN:110,blue
FNDA:0,blue
FN:114,blue
FNDA:0,blue
FN:118,blue
FNDA:0,blue
FN:122,blue
FNDA:0,blue
FN:126,blue
FNDA:0,blue
FN:130,blueBytes
FNDA:0,blueBytes
FN:134,blueBytes32
FNDA:0,blueBytes32
FN:138,magenta
FNDA:0,magenta
FN:142,magenta
FNDA:0,magenta
FN:146,magenta
FNDA:0,magenta
FN:150,magenta
FNDA:0,magenta
FN:154,magenta
FNDA:0,magenta
FN:158,magentaBytes
FNDA:0,magentaBytes
FN:162,magentaBytes32
FNDA:0,magentaBytes32
FN:166,cyan
FNDA:0,cyan
FN:170,cyan
FNDA:0,cyan
FN:174,cyan
FNDA:0,cyan
FN:178,cyan
FNDA:0,cyan
FN:182,cyan
FNDA:0,cyan
FN:186,cyanBytes
FNDA:0,cyanBytes
FN:190,cyanBytes32
FNDA:0,cyanBytes32
FN:194,bold
FNDA:0,bold
FN:198,bold
FNDA:0,bold
FN:202,bold
FNDA:0,bold
FN:206,bold
FNDA:0,bold
FN:210,bold
FNDA:0,bold
FN:214,boldBytes
FNDA:0,boldBytes
FN:218,boldBytes32
FNDA:0,boldBytes32
FN:222,dim
FNDA:0,dim
FN:226,dim
FNDA:0,dim
FN:230,dim
FNDA:0,dim
FN:234,dim
FNDA:0,dim
FN:238,dim
FNDA:0,dim
FN:242,dimBytes
FNDA:0,dimBytes
FN:246,dimBytes32
FNDA:0,dimBytes32
FN:250,italic
FNDA:0,italic
FN:254,italic
FNDA:0,italic
FN:258,italic
FNDA:0,italic
FN:262,italic
FNDA:0,italic
FN:266,italic
FNDA:0,italic
FN:270,italicBytes
FNDA:0,italicBytes
FN:274,italicBytes32
FNDA:0,italicBytes32
FN:278,underline
FNDA:0,underline
FN:282,underline
FNDA:0,underline
FN:286,underline
FNDA:0,underline
FN:290,underline
FNDA:0,underline
FN:294,underline
FNDA:0,underline
FN:298,underlineBytes
FNDA:0,underlineBytes
FN:302,underlineBytes32
FNDA:0,underlineBytes32
FN:306,inverse
FNDA:0,inverse
FN:310,inverse
FNDA:0,inverse
FN:314,inverse
FNDA:0,inverse
FN:318,inverse
FNDA:0,inverse
FN:322,inverse
FNDA:0,inverse
FN:326,inverseBytes
FNDA:0,inverseBytes
FN:330,inverseBytes32
FNDA:0,inverseBytes32
end_of_record
SF:/Users/asad97/my-stuff/audits/ignit-cyfrin/ignite/lib/forge-std/src/StdToml.sol
DA:25,0
FN:28,keyExists
FNDA:0,keyExists
FN:32,parseRaw
FNDA:0,parseRaw
FN:36,readUint
FNDA:0,readUint
FN:40,readUintArray
FNDA:0,readUintArray
FN:44,readInt
FNDA:0,readInt
FN:48,readIntArray
FNDA:0,readIntArray
FN:52,readBytes32
FNDA:0,readBytes32
FN:56,readBytes32Array
FNDA:0,readBytes32Array
FN:60,readString
FNDA:0,readString
FN:64,readStringArray
FNDA:0,readStringArray
FN:68,readAddress
FNDA:0,readAddress
FN:72,readAddressArray
FNDA:0,readAddressArray
FN:76,readBool
FNDA:0,readBool
FN:80,readBoolArray
FNDA:0,readBoolArray
FN:84,readBytes
FNDA:0,readBytes
FN:88,readBytesArray
FNDA:0,readBytesArray
FN:92,readUintOr
FNDA:0,readUintOr
FN:96,readUintArrayOr
FNDA:0,readUintArrayOr
FN:104,readIntOr
FNDA:0,readIntOr
FN:108,readIntArrayOr
FNDA:0,readIntArrayOr
FN:116,readBytes32Or
FNDA:0,readBytes32Or
FN:124,readBytes32ArrayOr
FNDA:0,readBytes32ArrayOr
FN:132,readStringOr
FNDA:0,readStringOr
FN:140,readStringArrayOr
FNDA:0,readStringArrayOr
FN:148,readAddressOr
FNDA:0,readAddressOr
FN:156,readAddressArrayOr
FNDA:0,readAddressArrayOr
FN:164,readBoolOr
FNDA:0,readBoolOr
FN:168,readBoolArrayOr
FNDA:0,readBoolArrayOr
FN:176,readBytesOr
FNDA:0,readBytesOr
FN:184,readBytesArrayOr
FNDA:0,readBytesArrayOr
FN:192,serialize
FNDA:0,serialize
FN:196,serialize
FNDA:0,serialize
FN:200,serialize
FNDA:0,serialize
FN:207,serialize
FNDA:0,serialize
FN:211,serialize
FNDA:0,serialize
FN:218,serialize
FNDA:0,serialize
FN:222,serialize
FNDA:0,serialize
FN:229,serialize
FNDA:0,serialize
FN:233,serialize
FNDA:0,serialize
FN:240,serialize
FNDA:0,serialize
FN:244,serialize
FNDA:0,serialize
FN:251,serialize
FNDA:0,serialize
FN:255,serialize
FNDA:0,serialize
FN:262,serialize
FNDA:0,serialize
FN:269,serialize
FNDA:0,serialize
FN:276,write
FNDA:0,write
FN:280,write
FNDA:0,write
end_of_record
SF:/Users/asad97/my-stuff/audits/ignit-cyfrin/ignite/lib/forge-std/src/StdUtils.sol
FN:33,_bound
FNDA:0,_bound
FN:60,bound
FNDA:0,bound
FN:65,_bound
FNDA:0,_bound
FN:85,bound
FNDA:0,bound
FN:90,boundPrivateKey
FNDA:0,boundPrivateKey
FN:94,bytesToUint
FNDA:0,bytesToUint
FN:101,computeCreateAddress
FNDA:0,computeCreateAddress
FN:106,computeCreate2Address
FNDA:0,computeCreate2Address
FN:117,computeCreate2Address
FNDA:0,computeCreate2Address
FN:123,deployMockERC20
FNDA:0,deployMockERC20
FN:132,deployMockERC721
FNDA:0,deployMockERC721
FN:139,hashInitCode
FNDA:0,hashInitCode
FN:146,hashInitCode
FNDA:0,hashInitCode
FN:151,getTokenBalances
FNDA:0,getTokenBalances
FN:184,addressFromLast20Bytes
FNDA:0,addressFromLast20Bytes
FN:191,_castLogPayloadViewToPure
FNDA:0,_castLogPayloadViewToPure
FN:201,_sendLogPayload
FNDA:0,_sendLogPayload
FN:205,_sendLogPayloadView
FNDA:0,_sendLogPayloadView
FN:215,console2_log_StdUtils
FNDA:0,console2_log_StdUtils
FN:219,console2_log_StdUtils
FNDA:0,console2_log_StdUtils
FN:223,console2_log_StdUtils
FNDA:0,console2_log_StdUtils
end_of_record
SF:/Users/asad97/my-stuff/audits/ignit-cyfrin/ignite/lib/forge-std/src/Test.sol
DA:32,0
end_of_record
SF:/Users/asad97/my-stuff/audits/ignit-cyfrin/ignite/lib/forge-std/src/Vm.sol
end_of_record
SF:/Users/asad97/my-stuff/audits/ignit-cyfrin/ignite/lib/forge-std/src/console.sol
DA:4,0
DA:6,0
DA:11,0
DA:194,0
DA:202,0
DA:230,0
FN:8,_sendLogPayloadImplementation
FNDA:0,_sendLogPayloadImplementation
FN:25,_castToPure
FNDA:0,_castToPure
FN:33,_sendLogPayload
FNDA:0,_sendLogPayload
FN:37,log
FNDA:0,log
FN:41,logInt
FNDA:0,logInt
FN:45,logUint
FNDA:0,logUint
FN:49,logString
FNDA:0,logString
FN:53,logBool
FNDA:0,logBool
FN:57,logAddress
FNDA:0,logAddress
FN:61,logBytes
FNDA:0,logBytes
FN:65,logBytes1
FNDA:0,logBytes1
FN:69,logBytes2
FNDA:0,logBytes2
FN:73,logBytes3
FNDA:0,logBytes3
FN:77,logBytes4
FNDA:0,logBytes4
FN:81,logBytes5
FNDA:0,logBytes5
FN:85,logBytes6
FNDA:0,logBytes6
FN:89,logBytes7
FNDA:0,logBytes7
FN:93,logBytes8
FNDA:0,logBytes8
FN:97,logBytes9
FNDA:0,logBytes9
FN:101,logBytes10
FNDA:0,logBytes10
FN:105,logBytes11
FNDA:0,logBytes11
FN:109,logBytes12
FNDA:0,logBytes12
FN:113,logBytes13
FNDA:0,logBytes13
FN:117,logBytes14
FNDA:0,logBytes14
FN:121,logBytes15
FNDA:0,logBytes15
FN:125,logBytes16
FNDA:0,logBytes16
FN:129,logBytes17
FNDA:0,logBytes17
FN:133,logBytes18
FNDA:0,logBytes18
FN:137,logBytes19
FNDA:0,logBytes19
FN:141,logBytes20
FNDA:0,logBytes20
FN:145,logBytes21
FNDA:0,logBytes21
FN:149,logBytes22
FNDA:0,logBytes22
FN:153,logBytes23
FNDA:0,logBytes23
FN:157,logBytes24
FNDA:0,logBytes24
FN:161,logBytes25
FNDA:0,logBytes25
FN:165,logBytes26
FNDA:0,logBytes26
FN:169,logBytes27
FNDA:0,logBytes27
FN:173,logBytes28
FNDA:0,logBytes28
FN:177,logBytes29
FNDA:0,logBytes29
FN:181,logBytes30
FNDA:0,logBytes30
FN:185,logBytes31
FNDA:0,logBytes31
FN:189,logBytes32
FNDA:0,logBytes32
FN:193,log
FNDA:0,log
FN:197,log
FNDA:0,log
FN:201,log
FNDA:0,log
FN:205,log
FNDA:0,log
FN:209,log
FNDA:0,log
FN:213,log
FNDA:0,log
FN:217,log
FNDA:0,log
FN:221,log
FNDA:0,log
FN:225,log
FNDA:0,log
FN:229,log
FNDA:0,log
FN:233,log
FNDA:0,log
FN:237,log
FNDA:0,log
FN:241,log
FNDA:0,log
FN:245,log
FNDA:0,log
FN:249,log
FNDA:0,log
FN:253,log
FNDA:0,log
FN:257,log
FNDA:0,log
FN:261,log
FNDA:0,log
FN:265,log
FNDA:0,log
FN:269,log
FNDA:0,log
FN:273,log
FNDA:0,log
FN:277,log
FNDA:0,log
FN:281,log
FNDA:0,log
FN:285,log
FNDA:0,log
FN:289,log
FNDA:0,log
FN:293,log
FNDA:0,log
FN:297,log
FNDA:0,log
FN:301,log
FNDA:0,log
FN:305,log
FNDA:0,log
FN:309,log
FNDA:0,log
FN:313,log
FNDA:0,log
FN:317,log
FNDA:0,log
FN:321,log
FNDA:0,log
FN:325,log
FNDA:0,log
FN:329,log
FNDA:0,log
FN:333,log
FNDA:0,log
FN:337,log
FNDA:0,log
FN:341,log
FNDA:0,log
FN:345,log
FNDA:0,log
FN:349,log
FNDA:0,log
FN:353,log
FNDA:0,log
FN:357,log
FNDA:0,log
FN:361,log
FNDA:0,log
FN:365,log
FNDA:0,log
FN:369,log
FNDA:0,log
FN:373,log
FNDA:0,log
FN:377,log
FNDA:0,log
FN:381,log
FNDA:0,log
FN:385,log
FNDA:0,log
FN:389,log
FNDA:0,log
FN:393,log
FNDA:0,log
FN:397,log
FNDA:0,log
FN:401,log
FNDA:0,log
FN:405,log
FNDA:0,log
FN:409,log
FNDA:0,log
FN:413,log
FNDA:0,log
FN:417,log
FNDA:0,log
FN:421,log
FNDA:0,log
FN:425,log
FNDA:0,log
FN:429,log
FNDA:0,log
FN:433,log
FNDA:0,log
FN:437,log
FNDA:0,log
FN:441,log
FNDA:0,log
FN:445,log
FNDA:0,log
FN:449,log
FNDA:0,log
FN:453,log
FNDA:0,log
FN:457,log
FNDA:0,log
FN:461,log
FNDA:0,log
FN:465,log
FNDA:0,log
FN:469,log
FNDA:0,log
FN:473,log
FNDA:0,log
FN:477,log
FNDA:0,log
FN:481,log
FNDA:0,log
FN:485,log
FNDA:0,log
FN:489,log
FNDA:0,log
FN:493,log
FNDA:0,log
FN:497,log
FNDA:0,log
FN:501,log
FNDA:0,log
FN:505,log
FNDA:0,log
FN:509,log
FNDA:0,log
FN:513,log
FNDA:0,log
FN:517,log
FNDA:0,log
FN:521,log
FNDA:0,log
FN:525,log
FNDA:0,log
FN:529,log
FNDA:0,log
FN:533,log
FNDA:0,log
FN:537,log
FNDA:0,log
FN:541,log
FNDA:0,log
FN:545,log
FNDA:0,log
FN:549,log
FNDA:0,log
FN:553,log
FNDA:0,log
FN:557,log
FNDA:0,log
FN:561,log
FNDA:0,log
FN:565,log
FNDA:0,log
FN:569,log
FNDA:0,log
FN:573,log
FNDA:0,log
FN:577,log
FNDA:0,log
FN:581,log
FNDA:0,log
FN:585,log
FNDA:0,log
FN:589,log
FNDA:0,log
FN:593,log
FNDA:0,log
FN:597,log
FNDA:0,log
FN:601,log
FNDA:0,log
FN:605,log
FNDA:0,log
FN:609,log
FNDA:0,log
FN:613,log
FNDA:0,log
FN:617,log
FNDA:0,log
FN:621,log
FNDA:0,log
FN:625,log
FNDA:0,log
FN:629,log
FNDA:0,log
FN:633,log
FNDA:0,log
FN:637,log
FNDA:0,log
FN:641,log
FNDA:0,log
FN:645,log
FNDA:0,log
FN:649,log
FNDA:0,log
FN:653,log
FNDA:0,log
FN:657,log
FNDA:0,log
FN:661,log
FNDA:0,log
FN:665,log
FNDA:0,log
FN:669,log
FNDA:0,log
FN:673,log
FNDA:0,log
FN:677,log
FNDA:0,log
FN:681,log
FNDA:0,log
FN:685,log
FNDA:0,log
FN:689,log
FNDA:0,log
FN:693,log
FNDA:0,log
FN:697,log
FNDA:0,log
FN:701,log
FNDA:0,log
FN:705,log
FNDA:0,log
FN:709,log
FNDA:0,log
FN:713,log
FNDA:0,log
FN:717,log
FNDA:0,log
FN:721,log
FNDA:0,log
FN:725,log
FNDA:0,log
FN:729,log
FNDA:0,log
FN:733,log
FNDA:0,log
FN:737,log
FNDA:0,log
FN:741,log
FNDA:0,log
FN:745,log
FNDA:0,log
FN:749,log
FNDA:0,log
FN:753,log
FNDA:0,log
FN:757,log
FNDA:0,log
FN:761,log
FNDA:0,log
FN:765,log
FNDA:0,log
FN:769,log
FNDA:0,log
FN:773,log
FNDA:0,log
FN:777,log
FNDA:0,log
FN:781,log
FNDA:0,log
FN:785,log
FNDA:0,log
FN:789,log
FNDA:0,log
FN:793,log
FNDA:0,log
FN:797,log
FNDA:0,log
FN:801,log
FNDA:0,log
FN:805,log
FNDA:0,log
FN:809,log
FNDA:0,log
FN:813,log
FNDA:0,log
FN:817,log
FNDA:0,log
FN:821,log
FNDA:0,log
FN:825,log
FNDA:0,log
FN:829,log
FNDA:0,log
FN:833,log
FNDA:0,log
FN:837,log
FNDA:0,log
FN:841,log
FNDA:0,log
FN:845,log
FNDA:0,log
FN:849,log
FNDA:0,log
FN:853,log
FNDA:0,log
FN:857,log
FNDA:0,log
FN:861,log
FNDA:0,log
FN:865,log
FNDA:0,log
FN:869,log
FNDA:0,log
FN:873,log
FNDA:0,log
FN:877,log
FNDA:0,log
FN:881,log
FNDA:0,log
FN:885,log
FNDA:0,log
FN:889,log
FNDA:0,log
FN:893,log
FNDA:0,log
FN:897,log
FNDA:0,log
FN:901,log
FNDA:0,log
FN:905,log
FNDA:0,log
FN:909,log
FNDA:0,log
FN:913,log
FNDA:0,log
FN:917,log
FNDA:0,log
FN:921,log
FNDA:0,log
FN:925,log
FNDA:0,log
FN:929,log
FNDA:0,log
FN:933,log
FNDA:0,log
FN:937,log
FNDA:0,log
FN:941,log
FNDA:0,log
FN:945,log
FNDA:0,log
FN:949,log
FNDA:0,log
FN:953,log
FNDA:0,log
FN:957,log
FNDA:0,log
FN:961,log
FNDA:0,log
FN:965,log
FNDA:0,log
FN:969,log
FNDA:0,log
FN:973,log
FNDA:0,log
FN:977,log
FNDA:0,log
FN:981,log
FNDA:0,log
FN:985,log
FNDA:0,log
FN:989,log
FNDA:0,log
FN:993,log
FNDA:0,log
FN:997,log
FNDA:0,log
FN:1001,log
FNDA:0,log
FN:1005,log
FNDA:0,log
FN:1009,log
FNDA:0,log
FN:1013,log
FNDA:0,log
FN:1017,log
FNDA:0,log
FN:1021,log
FNDA:0,log
FN:1025,log
FNDA:0,log
FN:1029,log
FNDA:0,log
FN:1033,log
FNDA:0,log
FN:1037,log
FNDA:0,log
FN:1041,log
FNDA:0,log
FN:1045,log
FNDA:0,log
FN:1049,log
FNDA:0,log
FN:1053,log
FNDA:0,log
FN:1057,log
FNDA:0,log
FN:1061,log
FNDA:0,log
FN:1065,log
FNDA:0,log
FN:1069,log
FNDA:0,log
FN:1073,log
FNDA:0,log
FN:1077,log
FNDA:0,log
FN:1081,log
FNDA:0,log
FN:1085,log
FNDA:0,log
FN:1089,log
FNDA:0,log
FN:1093,log
FNDA:0,log
FN:1097,log
FNDA:0,log
FN:1101,log
FNDA:0,log
FN:1105,log
FNDA:0,log
FN:1109,log
FNDA:0,log
FN:1113,log
FNDA:0,log
FN:1117,log
FNDA:0,log
FN:1121,log
FNDA:0,log
FN:1125,log
FNDA:0,log
FN:1129,log
FNDA:0,log
FN:1133,log
FNDA:0,log
FN:1137,log
FNDA:0,log
FN:1141,log
FNDA:0,log
FN:1145,log
FNDA:0,log
FN:1149,log
FNDA:0,log
FN:1153,log
FNDA:0,log
FN:1157,log
FNDA:0,log
FN:1161,log
FNDA:0,log
FN:1165,log
FNDA:0,log
FN:1169,log
FNDA:0,log
FN:1173,log
FNDA:0,log
FN:1177,log
FNDA:0,log
FN:1181,log
FNDA:0,log
FN:1185,log
FNDA:0,log
FN:1189,log
FNDA:0,log
FN:1193,log
FNDA:0,log
FN:1197,log
FNDA:0,log
FN:1201,log
FNDA:0,log
FN:1205,log
FNDA:0,log
FN:1209,log
FNDA:0,log
FN:1213,log
FNDA:0,log
FN:1217,log
FNDA:0,log
FN:1221,log
FNDA:0,log
FN:1225,log
FNDA:0,log
FN:1229,log
FNDA:0,log
FN:1233,log
FNDA:0,log
FN:1237,log
FNDA:0,log
FN:1241,log
FNDA:0,log
FN:1245,log
FNDA:0,log
FN:1249,log
FNDA:0,log
FN:1253,log
FNDA:0,log
FN:1257,log
FNDA:0,log
FN:1261,log
FNDA:0,log
FN:1265,log
FNDA:0,log
FN:1269,log
FNDA:0,log
FN:1273,log
FNDA:0,log
FN:1277,log
FNDA:0,log
FN:1281,log
FNDA:0,log
FN:1285,log
FNDA:0,log
FN:1289,log
FNDA:0,log
FN:1293,log
FNDA:0,log
FN:1297,log
FNDA:0,log
FN:1301,log
FNDA:0,log
FN:1305,log
FNDA:0,log
FN:1309,log
FNDA:0,log
FN:1313,log
FNDA:0,log
FN:1317,log
FNDA:0,log
FN:1321,log
FNDA:0,log
FN:1325,log
FNDA:0,log
FN:1329,log
FNDA:0,log
FN:1333,log
FNDA:0,log
FN:1337,log
FNDA:0,log
FN:1341,log
FNDA:0,log
FN:1345,log
FNDA:0,log
FN:1349,log
FNDA:0,log
FN:1353,log
FNDA:0,log
FN:1357,log
FNDA:0,log
FN:1361,log
FNDA:0,log
FN:1365,log
FNDA:0,log
FN:1369,log
FNDA:0,log
FN:1373,log
FNDA:0,log
FN:1377,log
FNDA:0,log
FN:1381,log
FNDA:0,log
FN:1385,log
FNDA:0,log
FN:1389,log
FNDA:0,log
FN:1393,log
FNDA:0,log
FN:1397,log
FNDA:0,log
FN:1401,log
FNDA:0,log
FN:1405,log
FNDA:0,log
FN:1409,log
FNDA:0,log
FN:1413,log
FNDA:0,log
FN:1417,log
FNDA:0,log
FN:1421,log
FNDA:0,log
FN:1425,log
FNDA:0,log
FN:1429,log
FNDA:0,log
FN:1433,log
FNDA:0,log
FN:1437,log
FNDA:0,log
FN:1441,log
FNDA:0,log
FN:1445,log
FNDA:0,log
FN:1449,log
FNDA:0,log
FN:1453,log
FNDA:0,log
FN:1457,log
FNDA:0,log
FN:1461,log
FNDA:0,log
FN:1465,log
FNDA:0,log
FN:1469,log
FNDA:0,log
FN:1473,log
FNDA:0,log
FN:1477,log
FNDA:0,log
FN:1481,log
FNDA:0,log
FN:1485,log
FNDA:0,log
FN:1489,log
FNDA:0,log
FN:1493,log
FNDA:0,log
FN:1497,log
FNDA:0,log
FN:1501,log
FNDA:0,log
FN:1505,log
FNDA:0,log
FN:1509,log
FNDA:0,log
FN:1513,log
FNDA:0,log
FN:1517,log
FNDA:0,log
FN:1521,log
FNDA:0,log
FN:1525,log
FNDA:0,log
FN:1529,log
FNDA:0,log
FN:1533,log
FNDA:0,log
FN:1537,log
FNDA:0,log
FN:1541,log
FNDA:0,log
FN:1545,log
FNDA:0,log
FN:1549,log
FNDA:0,log
FN:1553,log
FNDA:0,log
FN:1557,log
FNDA:0,log
end_of_record
SF:/Users/asad97/my-stuff/audits/ignit-cyfrin/ignite/lib/forge-std/src/console2.sol
end_of_record
SF:/Users/asad97/my-stuff/audits/ignit-cyfrin/ignite/lib/forge-std/src/interfaces/IERC165.sol
end_of_record
SF:/Users/asad97/my-stuff/audits/ignit-cyfrin/ignite/lib/forge-std/src/interfaces/IERC20.sol
end_of_record
SF:/Users/asad97/my-stuff/audits/ignit-cyfrin/ignite/lib/forge-std/src/interfaces/IERC721.sol
end_of_record
SF:/Users/asad97/my-stuff/audits/ignit-cyfrin/ignite/lib/forge-std/src/interfaces/IMulticall3.sol
end_of_record
SF:/Users/asad97/my-stuff/audits/ignit-cyfrin/ignite/lib/forge-std/src/mocks/MockERC20.sol
DA:8,0
DA:24,0
DA:28,0
DA:42,0
DA:50,0
DA:61,0
DA:73,0
DA:76,0
DA:77,0
DA:79,0
DA:80,0
DA:90,0
DA:92,0
DA:98,0
DA:99,0
DA:101,0
DA:107,0
DA:109,0
DA:111,0
DA:112,0
DA:114,0
DA:127,0
DA:133,0
DA:136,0
DA:142,0
DA:153,0
DA:155,0
DA:157,0
DA:161,0
DA:167,0
DA:168,0
DA:169,0
DA:171,0
DA:200,0
DA:205,0
DA:219,0
FN:19,name
FNDA:0,name
FN:23,symbol
FNDA:0,symbol
FN:27,decimals
FNDA:0,decimals
FN:41,totalSupply
FNDA:0,totalSupply
FN:45,balanceOf
FNDA:0,balanceOf
FN:49,allowance
FNDA:0,allowance
FN:72,initialize
FNDA:0,initialize
FN:89,approve
FNDA:0,approve
FN:97,transfer
FNDA:0,transfer
FN:106,transferFrom
FNDA:0,transferFrom
FN:123,permit
FNDA:0,permit
FN:160,DOMAIN_SEPARATOR
FNDA:0,DOMAIN_SEPARATOR
FN:164,computeDomainSeparator
FNDA:0,computeDomainSeparator
FN:180,_mint
FNDA:0,_mint
FN:187,_burn
FNDA:0,_burn
FN:198,_add
FNDA:0,_add
FN:204,_sub
FNDA:0,_sub
FN:217,_viewChainId
FNDA:0,_viewChainId
FN:226,_pureChainId
FNDA:0,_pureChainId
end_of_record
SF:/Users/asad97/my-stuff/audits/ignit-cyfrin/ignite/lib/forge-std/src/mocks/MockERC721.sol
DA:8,0
DA:22,0
DA:36,0
DA:40,0
DA:42,0
DA:58,0
DA:71,0
DA:74,0
DA:84,0
DA:86,0
DA:90,0
DA:94,0
DA:96,0
DA:100,0
DA:102,0
DA:105,0
DA:111,0
DA:117,0
DA:119,0
DA:123,0
DA:127,0
DA:139,0
DA:143,0
DA:154,0
DA:155,0
DA:156,0
DA:225,0
DA:229,0
FN:17,name
FNDA:0,name
FN:21,symbol
FNDA:0,symbol
FN:25,tokenURI
FNDA:0,tokenURI
FN:35,ownerOf
FNDA:0,ownerOf
FN:39,balanceOf
FNDA:0,balanceOf
FN:53,getApproved
FNDA:0,getApproved
FN:57,isApprovedForAll
FNDA:0,isApprovedForAll
FN:70,initialize
FNDA:0,initialize
FN:83,approve
FNDA:0,approve
FN:93,setApprovalForAll
FNDA:0,setApprovalForAll
FN:99,transferFrom
FNDA:0,transferFrom
FN:122,safeTransferFrom
FNDA:0,safeTransferFrom
FN:133,safeTransferFrom
FNDA:0,safeTransferFrom
FN:153,supportsInterface
FNDA:0,supportsInterface
FN:163,_mint
FNDA:0,_mint
FN:177,_burn
FNDA:0,_burn
FN:195,_safeMint
FNDA:0,_safeMint
FN:206,_safeMint
FNDA:0,_safeMint
FN:221,_isContract
FNDA:0,_isContract
end_of_record
SF:/Users/asad97/my-stuff/audits/ignit-cyfrin/ignite/lib/forge-std/src/safeconsole.sol
DA:6,0
FN:11,_sendLogPayload
FNDA:0,_sendLogPayload
FN:21,_sendLogPayloadView
FNDA:0,_sendLogPayloadView
FN:28,_memcopy
FNDA:0,_memcopy
FN:38,_memcopyView
FNDA:0,_memcopyView
FN:45,logMemory
FNDA:0,logMemory
FN:99,log
FNDA:0,log
FN:118,log
FNDA:0,log
FN:137,log
FNDA:0,log
FN:156,log
FNDA:0,log
FN:189,log
FNDA:0,log
FN:212,log
FNDA:0,log
FN:235,log
FNDA:0,log
FN:258,log
FNDA:0,log
FN:295,log
FNDA:0,log
FN:318,log
FNDA:0,log
FN:341,log
FNDA:0,log
FN:364,log
FNDA:0,log
FN:401,log
FNDA:0,log
FN:424,log
FNDA:0,log
FN:447,log
FNDA:0,log
FN:470,log
FNDA:0,log
FN:507,log
FNDA:0,log
FN:544,log
FNDA:0,log
FN:581,log
FNDA:0,log
FN:618,log
FNDA:0,log
FN:662,log
FNDA:0,log
FN:689,log
FNDA:0,log
FN:716,log
FNDA:0,log
FN:743,log
FNDA:0,log
FN:784,log
FNDA:0,log
FN:811,log
FNDA:0,log
FN:838,log
FNDA:0,log
FN:865,log
FNDA:0,log
FN:906,log
FNDA:0,log
FN:933,log
FNDA:0,log
FN:960,log
FNDA:0,log
FN:987,log
FNDA:0,log
FN:1028,log
FNDA:0,log
FN:1069,log
FNDA:0,log
FN:1110,log
FNDA:0,log
FN:1151,log
FNDA:0,log
FN:1199,log
FNDA:0,log
FN:1226,log
FNDA:0,log
FN:1253,log
FNDA:0,log
FN:1280,log
FNDA:0,log
FN:1321,log
FNDA:0,log
FN:1348,log
FNDA:0,log
FN:1375,log
FNDA:0,log
FN:1402,log
FNDA:0,log
FN:1443,log
FNDA:0,log
FN:1470,log
FNDA:0,log
FN:1497,log
FNDA:0,log
FN:1524,log
FNDA:0,log
FN:1565,log
FNDA:0,log
FN:1606,log
FNDA:0,log
FN:1647,log
FNDA:0,log
FN:1688,log
FNDA:0,log
FN:1736,log
FNDA:0,log
FN:1763,log
FNDA:0,log
FN:1790,log
FNDA:0,log
FN:1817,log
FNDA:0,log
FN:1858,log
FNDA:0,log
FN:1885,log
FNDA:0,log
FN:1912,log
FNDA:0,log
FN:1939,log
FNDA:0,log
FN:1980,log
FNDA:0,log
FN:2007,log
FNDA:0,log
FN:2034,log
FNDA:0,log
FN:2061,log
FNDA:0,log
FN:2102,log
FNDA:0,log
FN:2143,log
FNDA:0,log
FN:2184,log
FNDA:0,log
FN:2225,log
FNDA:0,log
FN:2273,log
FNDA:0,log
FN:2314,log
FNDA:0,log
FN:2355,log
FNDA:0,log
FN:2396,log
FNDA:0,log
FN:2444,log
FNDA:0,log
FN:2485,log
FNDA:0,log
FN:2526,log
FNDA:0,log
FN:2567,log
FNDA:0,log
FN:2615,log
FNDA:0,log
FN:2656,log
FNDA:0,log
FN:2697,log
FNDA:0,log
FN:2738,log
FNDA:0,log
FN:2786,log
FNDA:0,log
FN:2834,log
FNDA:0,log
FN:2882,log
FNDA:0,log
FN:2930,log
FNDA:0,log
FN:2985,log
FNDA:0,log
FN:3016,log
FNDA:0,log
FN:3047,log
FNDA:0,log
FN:3078,log
FNDA:0,log
FN:3123,log
FNDA:0,log
FN:3154,log
FNDA:0,log
FN:3185,log
FNDA:0,log
FN:3216,log
FNDA:0,log
FN:3261,log
FNDA:0,log
FN:3292,log
FNDA:0,log
FN:3323,log
FNDA:0,log
FN:3354,log
FNDA:0,log
FN:3399,log
FNDA:0,log
FN:3444,log
FNDA:0,log
FN:3489,log
FNDA:0,log
FN:3534,log
FNDA:0,log
FN:3586,log
FNDA:0,log
FN:3617,log
FNDA:0,log
FN:3648,log
FNDA:0,log
FN:3679,log
FNDA:0,log
FN:3724,log
FNDA:0,log
FN:3755,log
FNDA:0,log
FN:3786,log
FNDA:0,log
FN:3817,log
FNDA:0,log
FN:3862,log
FNDA:0,log
FN:3893,log
FNDA:0,log
FN:3924,log
FNDA:0,log
FN:3955,log
FNDA:0,log
FN:4000,log
FNDA:0,log
FN:4045,log
FNDA:0,log
FN:4090,log
FNDA:0,log
FN:4135,log
FNDA:0,log
FN:4187,log
FNDA:0,log
FN:4218,log
FNDA:0,log
FN:4249,log
FNDA:0,log
FN:4280,log
FNDA:0,log
FN:4325,log
FNDA:0,log
FN:4356,log
FNDA:0,log
FN:4387,log
FNDA:0,log
FN:4418,log
FNDA:0,log
FN:4463,log
FNDA:0,log
FN:4494,log
FNDA:0,log
FN:4525,log
FNDA:0,log
FN:4556,log
FNDA:0,log
FN:4601,log
FNDA:0,log
FN:4646,log
FNDA:0,log
FN:4691,log
FNDA:0,log
FN:4736,log
FNDA:0,log
FN:4788,log
FNDA:0,log
FN:4833,log
FNDA:0,log
FN:4878,log
FNDA:0,log
FN:4923,log
FNDA:0,log
FN:4975,log
FNDA:0,log
FN:5020,log
FNDA:0,log
FN:5065,log
FNDA:0,log
FN:5110,log
FNDA:0,log
FN:5162,log
FNDA:0,log
FN:5207,log
FNDA:0,log
FN:5252,log
FNDA:0,log
FN:5297,log
FNDA:0,log
FN:5349,log
FNDA:0,log
FN:5401,log
FNDA:0,log
FN:5453,log
FNDA:0,log
FN:5505,log
FNDA:0,log
FN:5564,log
FNDA:0,log
FN:5595,log
FNDA:0,log
FN:5626,log
FNDA:0,log
FN:5657,log
FNDA:0,log
FN:5702,log
FNDA:0,log
FN:5733,log
FNDA:0,log
FN:5764,log
FNDA:0,log
FN:5795,log
FNDA:0,log
FN:5840,log
FNDA:0,log
FN:5871,log
FNDA:0,log
FN:5902,log
FNDA:0,log
FN:5933,log
FNDA:0,log
FN:5978,log
FNDA:0,log
FN:6023,log
FNDA:0,log
FN:6068,log
FNDA:0,log
FN:6113,log
FNDA:0,log
FN:6165,log
FNDA:0,log
FN:6196,log
FNDA:0,log
FN:6227,log
FNDA:0,log
FN:6258,log
FNDA:0,log
FN:6303,log
FNDA:0,log
FN:6334,log
FNDA:0,log
FN:6365,log
FNDA:0,log
FN:6396,log
FNDA:0,log
FN:6441,log
FNDA:0,log
FN:6472,log
FNDA:0,log
FN:6503,log
FNDA:0,log
FN:6534,log
FNDA:0,log
FN:6579,log
FNDA:0,log
FN:6624,log
FNDA:0,log
FN:6669,log
FNDA:0,log
FN:6714,log
FNDA:0,log
FN:6766,log
FNDA:0,log
FN:6797,log
FNDA:0,log
FN:6828,log
FNDA:0,log
FN:6859,log
FNDA:0,log
FN:6904,log
FNDA:0,log
FN:6935,log
FNDA:0,log
FN:6966,log
FNDA:0,log
FN:6997,log
FNDA:0,log
FN:7042,log
FNDA:0,log
FN:7073,log
FNDA:0,log
FN:7104,log
FNDA:0,log
FN:7135,log
FNDA:0,log
FN:7180,log
FNDA:0,log
FN:7225,log
FNDA:0,log
FN:7270,log
FNDA:0,log
FN:7315,log
FNDA:0,log
FN:7367,log
FNDA:0,log
FN:7412,log
FNDA:0,log
FN:7457,log
FNDA:0,log
FN:7502,log
FNDA:0,log
FN:7554,log
FNDA:0,log
FN:7599,log
FNDA:0,log
FN:7644,log
FNDA:0,log
FN:7689,log
FNDA:0,log
FN:7741,log
FNDA:0,log
FN:7786,log
FNDA:0,log
FN:7831,log
FNDA:0,log
FN:7876,log
FNDA:0,log
FN:7928,log
FNDA:0,log
FN:7980,log
FNDA:0,log
FN:8032,log
FNDA:0,log
FN:8084,log
FNDA:0,log
FN:8143,log
FNDA:0,log
FN:8174,log
FNDA:0,log
FN:8205,log
FNDA:0,log
FN:8236,log
FNDA:0,log
FN:8281,log
FNDA:0,log
FN:8312,log
FNDA:0,log
FN:8343,log
FNDA:0,log
FN:8374,log
FNDA:0,log
FN:8419,log
FNDA:0,log
FN:8450,log
FNDA:0,log
FN:8481,log
FNDA:0,log
FN:8512,log
FNDA:0,log
FN:8557,log
FNDA:0,log
FN:8602,log
FNDA:0,log
FN:8647,log
FNDA:0,log
FN:8692,log
FNDA:0,log
FN:8744,log
FNDA:0,log
FN:8775,log
FNDA:0,log
FN:8806,log
FNDA:0,log
FN:8837,log
FNDA:0,log
FN:8882,log
FNDA:0,log
FN:8913,log
FNDA:0,log
FN:8944,log
FNDA:0,log
FN:8975,log
FNDA:0,log
FN:9020,log
FNDA:0,log
FN:9051,log
FNDA:0,log
FN:9082,log
FNDA:0,log
FN:9113,log
FNDA:0,log
FN:9158,log
FNDA:0,log
FN:9203,log
FNDA:0,log
FN:9248,log
FNDA:0,log
FN:9293,log
FNDA:0,log
FN:9345,log
FNDA:0,log
FN:9376,log
FNDA:0,log
FN:9407,log
FNDA:0,log
FN:9438,log
FNDA:0,log
FN:9483,log
FNDA:0,log
FN:9514,log
FNDA:0,log
FN:9545,log
FNDA:0,log
FN:9576,log
FNDA:0,log
FN:9621,log
FNDA:0,log
FN:9652,log
FNDA:0,log
FN:9683,log
FNDA:0,log
FN:9714,log
FNDA:0,log
FN:9759,log
FNDA:0,log
FN:9804,log
FNDA:0,log
FN:9849,log
FNDA:0,log
FN:9894,log
FNDA:0,log
FN:9946,log
FNDA:0,log
FN:9991,log
FNDA:0,log
FN:10036,log
FNDA:0,log
FN:10081,log
FNDA:0,log
FN:10133,log
FNDA:0,log
FN:10178,log
FNDA:0,log
FN:10223,log
FNDA:0,log
FN:10268,log
FNDA:0,log
FN:10320,log
FNDA:0,log
FN:10365,log
FNDA:0,log
FN:10410,log
FNDA:0,log
FN:10455,log
FNDA:0,log
FN:10507,log
FNDA:0,log
FN:10559,log
FNDA:0,log
FN:10611,log
FNDA:0,log
FN:10663,log
FNDA:0,log
FN:10722,log
FNDA:0,log
FN:10767,log
FNDA:0,log
FN:10812,log
FNDA:0,log
FN:10857,log
FNDA:0,log
FN:10909,log
FNDA:0,log
FN:10954,log
FNDA:0,log
FN:10999,log
FNDA:0,log
FN:11044,log
FNDA:0,log
FN:11096,log
FNDA:0,log
FN:11141,log
FNDA:0,log
FN:11186,log
FNDA:0,log
FN:11231,log
FNDA:0,log
FN:11283,log
FNDA:0,log
FN:11335,log
FNDA:0,log
FN:11387,log
FNDA:0,log
FN:11439,log
FNDA:0,log
FN:11498,log
FNDA:0,log
FN:11543,log
FNDA:0,log
FN:11588,log
FNDA:0,log
FN:11633,log
FNDA:0,log
FN:11685,log
FNDA:0,log
FN:11730,log
FNDA:0,log
FN:11775,log
FNDA:0,log
FN:11820,log
FNDA:0,log
FN:11872,log
FNDA:0,log
FN:11917,log
FNDA:0,log
FN:11962,log
FNDA:0,log
FN:12007,log
FNDA:0,log
FN:12059,log
FNDA:0,log
FN:12111,log
FNDA:0,log
FN:12163,log
FNDA:0,log
FN:12215,log
FNDA:0,log
FN:12274,log
FNDA:0,log
FN:12319,log
FNDA:0,log
FN:12364,log
FNDA:0,log
FN:12409,log
FNDA:0,log
FN:12461,log
FNDA:0,log
FN:12506,log
FNDA:0,log
FN:12551,log
FNDA:0,log
FN:12596,log
FNDA:0,log
FN:12648,log
FNDA:0,log
FN:12693,log
FNDA:0,log
FN:12738,log
FNDA:0,log
FN:12783,log
FNDA:0,log
FN:12835,log
FNDA:0,log
FN:12887,log
FNDA:0,log
FN:12939,log
FNDA:0,log
FN:12991,log
FNDA:0,log
FN:13050,log
FNDA:0,log
FN:13102,log
FNDA:0,log
FN:13154,log
FNDA:0,log
FN:13206,log
FNDA:0,log
FN:13265,log
FNDA:0,log
FN:13317,log
FNDA:0,log
FN:13369,log
FNDA:0,log
FN:13421,log
FNDA:0,log
FN:13480,log
FNDA:0,log
FN:13532,log
FNDA:0,log
FN:13584,log
FNDA:0,log
FN:13636,log
FNDA:0,log
FN:13695,log
FNDA:0,log
FN:13754,log
FNDA:0,log
FN:13813,log
FNDA:0,log
FN:13872,log
FNDA:0,log
end_of_record
SF:/Users/asad97/my-stuff/audits/ignit-cyfrin/ignite/node_modules/@openzeppelin/contracts-upgradeable/access/AccessControlUpgradeable.sol
DA:76,4
DA:84,0
DA:91,8
DA:102,3
DA:114,1
DA:117,0
DA:135,1
DA:150,3
DA:165,1
DA:166,0
DA:186,0
DA:188,0
DA:234,2
DA:236,7
DA:250,0
FN:51,__AccessControl_init
FNDA:0,__AccessControl_init
FN:54,__AccessControl_init_unchained
FNDA:0,__AccessControl_init_unchained
FN:83,supportsInterface
FNDA:0,supportsInterface
FN:90,hasRole
FNDA:1,hasRole
FN:102,_checkRole
FNDA:1,_checkRole
FN:113,_checkRole
FNDA:1,_checkRole
FN:134,getRoleAdmin
FNDA:1,getRoleAdmin
FN:150,grantRole
FNDA:1,grantRole
FN:165,revokeRole
FNDA:1,revokeRole
FN:185,renounceRole
FNDA:0,renounceRole
FN:211,_setupRole
FNDA:0,_setupRole
FN:220,_setRoleAdmin
FNDA:0,_setRoleAdmin
FN:233,_grantRole
FNDA:1,_grantRole
FN:247,_revokeRole
FNDA:0,_revokeRole
end_of_record
SF:/Users/asad97/my-stuff/audits/ignit-cyfrin/ignite/node_modules/@openzeppelin/contracts-upgradeable/access/IAccessControlUpgradeable.sol
end_of_record
SF:/Users/asad97/my-stuff/audits/ignit-cyfrin/ignite/node_modules/@openzeppelin/contracts-upgradeable/proxy/utils/Initializable.sol
DA:84,4
DA:86,1
DA:90,6
DA:96,2
DA:132,28
FN:144,_disableInitializers
FNDA:0,_disableInitializers
FN:155,_getInitializedVersion
FNDA:0,_getInitializedVersion
FN:162,_isInitializing
FNDA:0,_isInitializing
end_of_record
SF:/Users/asad97/my-stuff/audits/ignit-cyfrin/ignite/node_modules/@openzeppelin/contracts-upgradeable/security/PausableUpgradeable.sol
DA:39,2
DA:49,0
DA:51,0
DA:70,2
DA:76,4
DA:95,0
DA:96,0
DA:108,0
FN:34,__Pausable_init
FNDA:0,__Pausable_init
FN:38,__Pausable_init_unchained
FNDA:1,__Pausable_init_unchained
FN:69,paused
FNDA:1,paused
FN:76,_requireNotPaused
FNDA:1,_requireNotPaused
FN:83,_requirePaused
FNDA:0,_requirePaused
FN:94,_pause
FNDA:0,_pause
FN:106,_unpause
FNDA:0,_unpause
end_of_record
SF:/Users/asad97/my-stuff/audits/ignit-cyfrin/ignite/node_modules/@openzeppelin/contracts-upgradeable/security/ReentrancyGuardUpgradeable.sol
DA:35,1
DA:36,4
DA:57,4
DA:63,2
DA:72,5
FN:40,__ReentrancyGuard_init
FNDA:0,__ReentrancyGuard_init
FN:44,__ReentrancyGuard_init_unchained
FNDA:0,__ReentrancyGuard_init_unchained
FN:61,_nonReentrantBefore
FNDA:1,_nonReentrantBefore
FN:69,_nonReentrantAfter
FNDA:1,_nonReentrantAfter
end_of_record
SF:/Users/asad97/my-stuff/audits/ignit-cyfrin/ignite/node_modules/@openzeppelin/contracts-upgradeable/token/ERC20/IERC20Upgradeable.sol
end_of_record
SF:/Users/asad97/my-stuff/audits/ignit-cyfrin/ignite/node_modules/@openzeppelin/contracts-upgradeable/token/ERC20/extensions/IERC20MetadataUpgradeable.sol
end_of_record
SF:/Users/asad97/my-stuff/audits/ignit-cyfrin/ignite/node_modules/@openzeppelin/contracts-upgradeable/token/ERC20/extensions/draft-IERC20PermitUpgradeable.sol
end_of_record
SF:/Users/asad97/my-stuff/audits/ignit-cyfrin/ignite/node_modules/@openzeppelin/contracts-upgradeable/token/ERC20/utils/SafeERC20Upgradeable.sol
DA:19,0
DA:27,33
DA:36,16
DA:111,1
DA:113,5
FN:22,safeTransfer
FNDA:1,safeTransfer
FN:30,safeTransferFrom
FNDA:1,safeTransferFrom
FN:46,safeApprove
FNDA:0,safeApprove
FN:61,safeIncreaseAllowance
FNDA:0,safeIncreaseAllowance
FN:70,safeDecreaseAllowance
FNDA:0,safeDecreaseAllowance
FN:83,safePermit
FNDA:0,safePermit
FN:105,_callOptionalReturn
FNDA:1,_callOptionalReturn
end_of_record
SF:/Users/asad97/my-stuff/audits/ignit-cyfrin/ignite/node_modules/@openzeppelin/contracts-upgradeable/utils/AddressUpgradeable.sol
DA:9,0
DA:41,0
DA:135,12
DA:136,5
DA:177,1
DA:182,3
DA:208,0
DA:211,0
DA:216,0
FN:36,isContract
FNDA:0,isContract
FN:60,sendValue
FNDA:0,sendValue
FN:85,functionCall
FNDA:0,functionCall
FN:95,functionCall
FNDA:0,functionCall
FN:114,functionCallWithValue
FNDA:0,functionCallWithValue
FN:128,functionCallWithValue
FNDA:1,functionCallWithValue
FN:145,functionStaticCall
FNDA:0,functionStaticCall
FN:155,functionStaticCall
FNDA:0,functionStaticCall
FN:170,verifyCallResultFromTarget
FNDA:1,verifyCallResultFromTarget
FN:194,verifyCallResult
FNDA:0,verifyCallResult
FN:206,_revert
FNDA:0,_revert
end_of_record
SF:/Users/asad97/my-stuff/audits/ignit-cyfrin/ignite/node_modules/@openzeppelin/contracts-upgradeable/utils/ContextUpgradeable.sol
DA:24,3
FN:18,__Context_init
FNDA:0,__Context_init
FN:21,__Context_init_unchained
FNDA:0,__Context_init_unchained
FN:23,_msgSender
FNDA:1,_msgSender
FN:27,_msgData
FNDA:0,_msgData
end_of_record
SF:/Users/asad97/my-stuff/audits/ignit-cyfrin/ignite/node_modules/@openzeppelin/contracts-upgradeable/utils/StringsUpgradeable.sol
DA:11,0
DA:12,0
DA:54,0
DA:55,0
DA:56,0
DA:57,0
DA:58,0
DA:60,0
DA:61,0
FN:18,toString
FNDA:0,toString
FN:43,toHexString
FNDA:0,toHexString
FN:52,toHexString
FNDA:0,toHexString
FN:67,toHexString
FNDA:0,toHexString
end_of_record
SF:/Users/asad97/my-stuff/audits/ignit-cyfrin/ignite/node_modules/@openzeppelin/contracts-upgradeable/utils/introspection/ERC165Upgradeable.sol
DA:33,0
FN:24,__ERC165_init
FNDA:0,__ERC165_init
FN:27,__ERC165_init_unchained
FNDA:0,__ERC165_init_unchained
FN:32,supportsInterface
FNDA:0,supportsInterface
end_of_record
SF:/Users/asad97/my-stuff/audits/ignit-cyfrin/ignite/node_modules/@openzeppelin/contracts-upgradeable/utils/introspection/IERC165Upgradeable.sol
end_of_record
SF:/Users/asad97/my-stuff/audits/ignit-cyfrin/ignite/node_modules/@openzeppelin/contracts-upgradeable/utils/math/MathUpgradeable.sol
DA:9,0
FN:19,max
FNDA:0,max
FN:26,min
FNDA:0,min
FN:34,average
FNDA:0,average
FN:45,ceilDiv
FNDA:0,ceilDiv
FN:55,mulDiv
FNDA:0,mulDiv
FN:140,mulDiv
FNDA:0,mulDiv
FN:158,sqrt
FNDA:0,sqrt
FN:194,sqrt
FNDA:0,sqrt
FN:205,log2
FNDA:0,log2
FN:247,log2
FNDA:0,log2
FN:258,log10
FNDA:0,log10
FN:296,log10
FNDA:0,log10
FN:309,log256
FNDA:0,log256
FN:339,log256
FNDA:0,log256
end_of_record
SF:/Users/asad97/my-stuff/audits/ignit-cyfrin/ignite/node_modules/@openzeppelin/contracts-upgradeable/utils/structs/EnumerableSetUpgradeable.sol
DA:41,0
DA:66,3
DA:71,2
DA:73,0
DA:85,0
DA:87,0
DA:96,0
DA:97,0
DA:100,0
DA:111,0
DA:113,0
DA:121,6
DA:244,6
DA:254,0
DA:261,4
FN:65,_add
FNDA:1,_add
FN:83,_remove
FNDA:0,_remove
FN:120,_contains
FNDA:1,_contains
FN:127,_length
FNDA:0,_length
FN:141,_at
FNDA:0,_at
FN:153,_values
FNDA:0,_values
FN:169,add
FNDA:0,add
FN:179,remove
FNDA:0,remove
FN:186,contains
FNDA:0,contains
FN:193,length
FNDA:0,length
FN:207,at
FNDA:0,at
FN:219,values
FNDA:0,values
FN:243,add
FNDA:1,add
FN:253,remove
FNDA:0,remove
FN:260,contains
FNDA:1,contains
FN:267,length
FNDA:0,length
FN:281,at
FNDA:0,at
FN:293,values
FNDA:0,values
FN:317,add
FNDA:0,add
FN:327,remove
FNDA:0,remove
FN:334,contains
FNDA:0,contains
FN:341,length
FNDA:0,length
FN:355,at
FNDA:0,at
FN:367,values
FNDA:0,values
end_of_record
SF:/Users/asad97/my-stuff/audits/ignit-cyfrin/ignite/node_modules/@openzeppelin/contracts/token/ERC20/ERC20.sol
DA:55,0
DA:56,0
DA:63,0
DA:88,0
DA:95,0
DA:115,4
DA:138,3
DA:165,5
DA:183,0
DA:204,0
DA:206,0
DA:231,9
DA:232,2
DA:237,3
DA:245,2
DA:260,1
DA:264,6
DA:269,3
DA:321,2
DA:322,2
DA:324,1
DA:325,2
DA:342,2
DA:343,0
DA:345,0
FN:62,name
FNDA:0,name
FN:70,symbol
FNDA:0,symbol
FN:87,decimals
FNDA:0,decimals
FN:94,totalSupply
FNDA:0,totalSupply
FN:101,balanceOf
FNDA:0,balanceOf
FN:113,transfer
FNDA:1,transfer
FN:122,allowance
FNDA:0,allowance
FN:136,approve
FNDA:1,approve
FN:158,transferFrom
FNDA:1,transferFrom
FN:181,increaseAllowance
FNDA:0,increaseAllowance
FN:201,decreaseAllowance
FNDA:0,decreaseAllowance
FN:226,_transfer
FNDA:1,_transfer
FN:259,_mint
FNDA:1,_mint
FN:285,_burn
FNDA:0,_burn
FN:316,_approve
FNDA:1,_approve
FN:336,_spendAllowance
FNDA:1,_spendAllowance
FN:364,_beforeTokenTransfer
FNDA:0,_beforeTokenTransfer
FN:384,_afterTokenTransfer
FNDA:0,_afterTokenTransfer
end_of_record
SF:/Users/asad97/my-stuff/audits/ignit-cyfrin/ignite/node_modules/@openzeppelin/contracts/token/ERC20/IERC20.sol
end_of_record
SF:/Users/asad97/my-stuff/audits/ignit-cyfrin/ignite/node_modules/@openzeppelin/contracts/token/ERC20/extensions/IERC20Metadata.sol
end_of_record
SF:/Users/asad97/my-stuff/audits/ignit-cyfrin/ignite/node_modules/@openzeppelin/contracts/utils/Context.sol
DA:18,5
FN:17,_msgSender
FNDA:1,_msgSender
FN:21,_msgData
FNDA:0,_msgData
end_of_record
SF:/Users/asad97/my-stuff/audits/ignit-cyfrin/ignite/node_modules/chimera/src/Asserts.sol
FN:5,gt
FNDA:0,gt
FN:7,gte
FNDA:0,gte
FN:9,lt
FNDA:0,lt
FN:11,lte
FNDA:0,lte
FN:13,eq
FNDA:0,eq
FN:15,t
FNDA:0,t
FN:17,between
FNDA:0,between
FN:19,between
FNDA:0,between
FN:21,precondition
FNDA:0,precondition
end_of_record
SF:/Users/asad97/my-stuff/audits/ignit-cyfrin/ignite/node_modules/chimera/src/BaseProperties.sol
end_of_record
SF:/Users/asad97/my-stuff/audits/ignit-cyfrin/ignite/node_modules/chimera/src/BaseSetup.sol
FN:5,setup
FNDA:0,setup
end_of_record
SF:/Users/asad97/my-stuff/audits/ignit-cyfrin/ignite/node_modules/chimera/src/BaseTargetFunctions.sol
end_of_record
SF:/Users/asad97/my-stuff/audits/ignit-cyfrin/ignite/node_modules/chimera/src/CryticAsserts.sol
DA:6,0
FN:9,gt
FNDA:0,gt
FN:16,gte
FNDA:0,gte
FN:23,lt
FNDA:0,lt
FN:30,lte
FNDA:0,lte
FN:37,eq
FNDA:0,eq
FN:44,t
FNDA:0,t
FN:51,between
FNDA:0,between
FN:59,between
FNDA:0,between
FN:70,precondition
FNDA:0,precondition
end_of_record
SF:/Users/asad97/my-stuff/audits/ignit-cyfrin/ignite/node_modules/chimera/src/Hevm.sol
DA:54,539
end_of_record
SF:/Users/asad97/my-stuff/audits/ignit-cyfrin/ignite/src/IPriceFeed.sol
end_of_record
SF:/Users/asad97/my-stuff/audits/ignit-cyfrin/ignite/src/IStakedAvax.sol
end_of_record
SF:/Users/asad97/my-stuff/audits/ignit-cyfrin/ignite/src/Ignite.sol
DA:18,0
DA:28,1
DA:29,1
DA:30,0
DA:31,0
DA:32,0
DA:33,0
DA:35,6
DA:36,5
DA:37,5
DA:38,4
DA:39,1
DA:43,2
DA:44,1
DA:130,4
DA:136,4
DA:143,1
DA:144,1
DA:146,1
DA:148,1
DA:150,1
DA:158,6
DA:182,2
DA:185,2
DA:188,37
DA:189,2
DA:190,4
DA:192,37
DA:193,2
DA:194,4
DA:209,8
DA:210,1
DA:211,1
DA:216,11
DA:219,2
DA:220,3
DA:222,8
DA:223,6
DA:224,4
DA:232,3
DA:234,3
DA:236,8
DA:261,5
DA:262,4
DA:265,9
DA:269,6
DA:276,12
DA:300,2
DA:301,39
DA:303,8
DA:304,6
DA:305,4
DA:307,7
DA:308,39
DA:310,4
DA:311,2
DA:314,2
DA:316,15
DA:341,8
DA:343,3
DA:344,4
DA:378,3
DA:382,2
DA:383,5
DA:385,6
DA:386,6
DA:387,4
DA:390,2
DA:392,3
DA:394,8
DA:404,11
DA:414,0
DA:415,0
DA:417,0
DA:419,0
DA:420,0
DA:425,0
DA:426,0
DA:429,0
DA:431,0
DA:433,0
DA:436,0
DA:438,0
DA:439,0
DA:441,0
DA:443,0
DA:445,0
DA:448,0
DA:452,0
DA:455,0
DA:461,0
DA:462,0
DA:464,0
DA:466,0
DA:467,0
DA:469,0
DA:470,0
DA:471,0
DA:476,0
DA:479,0
DA:481,0
DA:483,0
DA:484,0
DA:488,0
DA:497,0
DA:505,0
DA:513,0
DA:528,0
DA:530,0
DA:531,2
DA:543,0
DA:552,3
DA:560,7
DA:562,7
DA:566,2
DA:570,2
DA:583,1
DA:585,1
DA:586,2
DA:588,5
DA:590,5
DA:592,4
DA:597,7
DA:598,4
DA:600,2
DA:603,8
DA:609,5
DA:610,5
DA:614,6
DA:615,2
DA:616,1
DA:622,1
DA:627,3
DA:628,4
DA:630,2
DA:632,6
DA:635,6
DA:637,4
DA:639,7
DA:642,3
DA:643,3
DA:645,5
DA:647,3
DA:650,1
DA:656,7
DA:657,0
DA:659,0
DA:664,1
DA:666,2
DA:668,1
DA:669,3
DA:671,4
DA:672,6
DA:674,4
DA:676,4
DA:677,11
DA:678,4
DA:680,5
DA:681,6
DA:683,4
DA:685,1
DA:690,1
DA:692,3
DA:694,8
DA:699,7
DA:700,0
DA:702,0
DA:704,0
DA:707,6
DA:710,4
DA:718,0
DA:727,0
DA:737,0
DA:738,0
DA:740,0
DA:743,0
DA:751,0
DA:752,0
DA:754,0
DA:757,0
DA:765,0
DA:767,0
DA:770,0
DA:781,0
DA:782,0
DA:784,0
DA:787,0
DA:801,1
DA:802,2
DA:803,4
DA:808,1
DA:809,1
DA:811,41
DA:812,2
DA:813,2
DA:815,2
DA:823,0
DA:824,0
DA:827,0
DA:828,0
DA:829,0
DA:834,0
DA:848,0
DA:850,0
DA:851,0
DA:853,0
DA:860,12
DA:861,0
DA:862,0
DA:864,0
DA:873,0
DA:874,0
DA:876,0
DA:877,0
DA:882,0
DA:895,1
DA:897,1
DA:924,2
DA:926,1
DA:930,12
DA:935,8
DA:936,12
DA:937,12
DA:938,9
DA:942,8
DA:977,10
DA:979,25
DA:983,5
DA:985,8
DA:992,30
DA:998,5
DA:999,5
DA:1005,5
DA:1006,5
DA:1008,15
DA:1011,15
DA:1030,3
DA:1031,2
DA:1033,3
DA:1035,3
DA:1036,9
DA:1038,3
DA:1039,4
DA:1040,4
DA:1047,1
DA:1048,1
DA:1051,3
DA:1052,5
DA:1053,11
DA:1061,4
DA:1070,2
DA:1071,1
DA:1074,2
DA:1075,1
DA:1078,2
DA:1079,1
DA:1082,1
DA:1083,1
DA:1086,0
FN:120,initialize
FNDA:1,initialize
FN:172,_initialisePriceFeeds
FNDA:1,_initialisePriceFeeds
FN:203,registerWithStake
FNDA:1,registerWithStake
FN:256,registerWithAvaxFee
FNDA:1,registerWithAvaxFee
FN:290,registerWithErc20Fee
FNDA:1,registerWithErc20Fee
FN:336,registerWithoutCollateral
FNDA:1,registerWithoutCollateral
FN:370,registerWithPrevalidatedQiStake
FNDA:1,registerWithPrevalidatedQiStake
FN:413,redeemAfterExpiry
FNDA:0,redeemAfterExpiry
FN:495,getTotalRegistrations
FNDA:0,getTotalRegistrations
FN:504,getTotalErc20PaymentMethods
FNDA:0,getTotalErc20PaymentMethods
FN:512,getErc20PaymentMethods
FNDA:0,getErc20PaymentMethods
FN:523,getRegistrationsByAccount
FNDA:1,getRegistrationsByAccount
FN:542,getAccountRegistrationCount
FNDA:0,getAccountRegistrationCount
FN:551,getRegistrationFee
FNDA:1,getRegistrationFee
FN:559,withdraw
FNDA:1,withdraw
FN:579,releaseLockedTokens
FNDA:1,releaseLockedTokens
FN:717,pause
FNDA:0,pause
FN:726,unpause
FNDA:0,unpause
FN:736,setQiSlashPercentage
FNDA:0,setQiSlashPercentage
FN:750,setAvaxSlashPercentage
FNDA:0,setAvaxSlashPercentage
FN:764,setMaximumSubsidisationAmount
FNDA:0,setMaximumSubsidisationAmount
FN:780,setQiPriceMultiplier
FNDA:0,setQiPriceMultiplier
FN:796,addPaymentToken
FNDA:1,addPaymentToken
FN:822,removePaymentToken
FNDA:0,removePaymentToken
FN:843,configurePriceFeed
FNDA:1,configurePriceFeed
FN:872,setAvaxDepositRange
FNDA:0,setAvaxDepositRange
FN:894,setValidatorRewarder
FNDA:1,setValidatorRewarder
FN:912,_registerWithChecks
FNDA:1,_registerWithChecks
FN:967,_register
FNDA:1,_register
FN:1029,_deleteRegistration
FNDA:1,_deleteRegistration
FN:1069,_getRegistrationFee
FNDA:1,_getRegistrationFee
end_of_record
SF:/Users/asad97/my-stuff/audits/ignit-cyfrin/ignite/src/IgniteStorage.sol
DA:12,0
DA:19,0
DA:22,0
DA:68,0
DA:71,0
DA:74,47
DA:77,1
DA:80,0
DA:83,0
DA:86,0
DA:89,0
DA:92,0
DA:95,0
DA:98,1
DA:101,0
DA:104,0
DA:107,0
DA:110,0
DA:113,0
DA:116,1
end_of_record
SF:/Users/asad97/my-stuff/audits/ignit-cyfrin/ignite/src/ValidatorRewarder.sol
DA:13,0
DA:20,0
DA:21,0
DA:22,0
DA:56,0
DA:57,0
DA:58,0
DA:67,0
DA:71,0
DA:73,0
DA:75,0
DA:86,0
DA:95,0
DA:103,0
DA:104,0
DA:107,0
DA:109,0
DA:117,0
DA:118,0
DA:121,0
DA:130,0
DA:141,0
FN:45,initialize
FNDA:0,initialize
FN:66,claimRewards
FNDA:0,claimRewards
FN:85,calculateRewardAmount
FNDA:0,calculateRewardAmount
FN:94,_calculateRewardAmount
FNDA:0,_calculateRewardAmount
FN:102,withdraw
FNDA:0,withdraw
FN:116,setTargetApr
FNDA:0,setTargetApr
FN:129,pause
FNDA:0,pause
FN:140,unpause
FNDA:0,unpause
end_of_record
SF:/Users/asad97/my-stuff/audits/ignit-cyfrin/ignite/src/ValidatorRewarderStorage.sol
DA:6,0
DA:8,0
DA:11,0
DA:14,0
end_of_record
SF:/Users/asad97/my-stuff/audits/ignit-cyfrin/ignite/test/chiemara/BeforeAfter.sol
FN:15,__before
FNDA:0,__before
FN:19,__after
FNDA:0,__after
end_of_record
SF:/Users/asad97/my-stuff/audits/ignit-cyfrin/ignite/test/chiemara/CryticTester.sol
DA:9,5081
end_of_record
SF:/Users/asad97/my-stuff/audits/ignit-cyfrin/ignite/test/chiemara/Properties.sol
DA:12,0
DA:13,0
DA:16,0
DA:20,0
DA:24,0
DA:27,0
DA:30,0
DA:33,0
DA:34,0
DA:35,0
DA:36,0
DA:37,0
DA:38,0
DA:42,0
DA:45,0
DA:46,0
DA:47,0
DA:48,0
DA:50,0
DA:54,0
DA:55,0
DA:56,0
DA:57,0
DA:58,0
DA:59,0
DA:61,0
FN:11,echidna_check_eth_balance
FNDA:0,echidna_check_eth_balance
FN:19,echidna_total_sub_gost
FNDA:0,echidna_total_sub_gost
FN:23,echidna_check_minimum_eth_balance
FNDA:0,echidna_check_minimum_eth_balance
FN:26,echidna_check_total_subsidised
FNDA:0,echidna_check_total_subsidised
FN:29,echidna_check_qi_balance
FNDA:0,echidna_check_qi_balance
FN:32,echidna_check_fail_registration_withdrawal
FNDA:0,echidna_check_fail_registration_withdrawal
FN:44,echidna_check_success_registration_withdrawal
FNDA:0,echidna_check_success_registration_withdrawal
FN:52,echidna_check_success_slashed
FNDA:0,echidna_check_success_slashed
end_of_record
SF:/Users/asad97/my-stuff/audits/ignit-cyfrin/ignite/test/chiemara/Setup.sol
DA:15,1
DA:17,2
DA:18,5
DA:20,2
DA:21,16
DA:23,45
DA:32,3
DA:33,1
DA:34,1
DA:36,1
DA:37,0
DA:38,1
DA:39,1
DA:40,1
DA:41,1
DA:42,2
DA:43,2
DA:44,1
DA:45,1
DA:46,1
DA:47,1
DA:48,1
DA:49,1
DA:50,1
DA:51,1
DA:52,1
DA:53,1
DA:54,1
DA:55,1
DA:56,1
DA:57,1
DA:58,1
DA:59,1
DA:60,1
DA:61,1
DA:62,1
DA:65,15
DA:66,0
DA:67,0
DA:68,1
DA:69,1
DA:70,1
DA:72,1
DA:73,1
DA:74,1
DA:75,1
DA:76,1
DA:84,20
DA:91,48
DA:92,1
DA:93,20
DA:94,1
DA:95,20
DA:96,27
DA:97,20
DA:98,1
DA:99,20
DA:100,27
DA:101,20
DA:106,2
DA:110,1
DA:113,27
DA:114,20
DA:115,17
DA:118,50
DA:119,18
DA:120,6
DA:121,18
DA:122,18
DA:123,96
DA:125,20
DA:126,1
DA:127,20
DA:128,1
DA:130,19
DA:131,0
DA:132,0
FN:79,boundValue
FNDA:1,boundValue
FN:87,setup
FNDA:1,setup
end_of_record
SF:/Users/asad97/my-stuff/audits/ignit-cyfrin/ignite/test/chiemara/TargetFunctions.sol
DA:15,0
DA:17,1
DA:19,9
DA:27,1
DA:28,2
DA:32,1
DA:34,4
DA:36,5
DA:37,4
DA:38,1
DA:39,1
DA:40,2
DA:42,3
DA:43,6
DA:44,4
DA:49,1
DA:50,1
DA:51,3
DA:54,35
DA:55,1
DA:60,3
DA:61,2
DA:68,8
DA:72,2
DA:74,3
DA:76,2
DA:77,2
DA:79,1
DA:80,1
DA:81,7
DA:83,3
DA:84,2
DA:85,3
DA:90,1
DA:91,1
DA:92,3
DA:96,32
DA:97,33
DA:103,3
DA:104,0
DA:112,2
DA:116,1
DA:118,4
DA:120,5
DA:122,36
DA:123,2
DA:124,1
DA:128,3
DA:129,1
DA:131,2
DA:133,1
DA:135,6
DA:140,1
DA:141,1
DA:142,3
DA:146,32
DA:147,30
DA:154,7
DA:155,2
DA:162,3
DA:166,6
DA:171,1
DA:173,1
DA:177,5
DA:179,36
DA:180,1
DA:185,1
DA:186,1
DA:187,3
DA:191,34
DA:192,30
DA:197,6
DA:204,6
DA:210,4
DA:212,5
DA:213,2
DA:214,6
DA:215,6
DA:220,1
DA:221,1
DA:222,3
DA:226,32
DA:227,33
DA:232,3
DA:233,0
DA:238,2
DA:242,3
DA:245,6
DA:246,34
DA:247,25
DA:250,3
DA:251,1
DA:252,3
DA:264,45
DA:266,2
DA:268,2
DA:270,34
DA:271,30
DA:277,2
DA:278,3
DA:280,3
DA:283,2
DA:287,6
DA:288,6
DA:290,33
DA:291,31
DA:297,2
DA:301,3
DA:302,1
DA:303,1
DA:304,5
DA:316,47
DA:318,2
DA:320,2
DA:322,2
DA:323,5
DA:324,6
DA:325,34
DA:326,30
DA:330,6
DA:331,6
DA:333,3
DA:334,1
DA:335,34
DA:336,30
DA:340,6
DA:343,2
DA:345,38
DA:346,3
DA:348,6
DA:350,6
DA:352,34
DA:353,30
DA:358,3
DA:359,4
DA:360,6
DA:361,32
DA:362,19
DA:369,2
DA:373,1
DA:374,4
DA:375,2
DA:387,59
DA:390,2
DA:391,5
DA:392,32
DA:393,30
DA:397,6
DA:399,1
DA:400,3
DA:401,1
DA:402,6
DA:403,6
DA:406,4
DA:407,0
DA:408,0
DA:410,0
DA:411,0
DA:412,0
DA:414,6
DA:418,2
FN:12,_registerWithChecks
FNDA:1,_registerWithChecks
FN:22,register_with_stake
FNDA:1,register_with_stake
FN:64,register_with_erc20_fee
FNDA:1,register_with_erc20_fee
FN:108,register_with_prevalidated_qiStake
FNDA:1,register_with_prevalidated_qiStake
FN:158,register_without_collateral
FNDA:1,register_without_collateral
FN:200,register_with_avax_fee
FNDA:1,register_with_avax_fee
FN:237,withdraw_eth
FNDA:1,withdraw_eth
FN:249,release_locked_tokens_failed
FNDA:1,release_locked_tokens_failed
FN:300,release_locked_tokens_success
FNDA:1,release_locked_tokens_success
FN:372,release_locked_tokens_slash
FNDA:1,release_locked_tokens_slash
end_of_record
SF:/Users/asad97/my-stuff/audits/ignit-cyfrin/ignite/test/contracts/FaucetToken.sol
DA:15,0
DA:16,0
DA:20,3
DA:24,1
FN:19,mint
FNDA:1,mint
FN:23,decimals
FNDA:1,decimals
end_of_record
SF:/Users/asad97/my-stuff/audits/ignit-cyfrin/ignite/test/contracts/PriceFeed.sol
DA:18,0
DA:22,1
FN:21,latestRoundData
FNDA:1,latestRoundData
FN:25,setPrice
FNDA:0,setPrice
FN:29,setUpdatedAtTimestamp
FNDA:0,setUpdatedAtTimestamp
end_of_record
SF:/Users/asad97/my-stuff/audits/ignit-cyfrin/ignite/test/contracts/StakedAvax.sol
DA:5,0
FN:6,accrueRewards
FNDA:0,accrueRewards
end_of_record
SF:/Users/asad97/my-stuff/audits/ignit-cyfrin/ignite/test/foundryTest.t.sol
DA:15,0
DA:16,0
DA:18,0
DA:19,0
DA:21,0
DA:30,0
DA:32,0
DA:34,0
DA:36,0
DA:37,0
DA:38,0
DA:39,0
DA:40,0
DA:41,0
DA:42,0
DA:43,0
DA:44,0
DA:45,0
DA:46,0
DA:47,0
DA:48,0
DA:49,0
DA:50,0
DA:51,0
DA:52,0
DA:53,0
DA:54,0
DA:55,0
DA:56,0
DA:57,0
DA:58,0
DA:59,0
DA:60,0
DA:61,0
DA:62,0
DA:65,0
DA:66,0
DA:67,0
DA:68,0
DA:69,0
DA:70,0
DA:72,0
DA:73,0
DA:74,0
DA:75,0
DA:76,0
DA:82,0
DA:86,0
DA:87,0
DA:89,0
DA:90,0
DA:91,0
DA:92,0
DA:93,0
DA:94,0
DA:95,0
DA:96,0
DA:97,0
DA:98,0
DA:99,0
DA:104,0
DA:107,0
DA:108,0
DA:110,0
DA:111,0
DA:112,0
DA:113,0
DA:114,0
DA:115,0
DA:116,0
DA:118,0
DA:119,0
DA:120,0
DA:121,0
DA:123,0
DA:124,0
DA:125,0
DA:140,0
DA:141,0
DA:145,0
DA:147,0
DA:152,0
DA:153,0
DA:154,0
DA:155,0
DA:156,0
DA:158,0
DA:159,0
DA:160,0
DA:161,0
DA:163,0
DA:167,0
DA:168,0
DA:175,0
DA:179,0
DA:181,0
DA:183,0
DA:184,0
DA:186,0
DA:187,0
DA:188,0
DA:190,0
DA:191,0
DA:192,0
DA:193,0
DA:196,0
DA:197,0
DA:200,0
DA:209,0
DA:213,0
DA:215,0
DA:217,0
DA:219,0
DA:221,0
DA:225,0
DA:226,0
DA:228,0
DA:230,0
DA:232,0
DA:233,0
DA:236,0
DA:241,0
DA:242,0
DA:249,0
DA:253,0
DA:256,0
DA:257,0
DA:258,0
DA:259,0
DA:260,0
DA:264,0
DA:266,0
DA:267,0
DA:269,0
DA:271,0
DA:275,0
DA:283,0
DA:287,0
DA:289,0
DA:291,0
DA:292,0
DA:293,0
DA:294,0
DA:296,0
DA:298,0
DA:302,0
DA:303,0
DA:307,0
DA:311,0
DA:314,0
DA:315,0
DA:316,0
DA:319,0
DA:320,0
DA:321,0
DA:333,0
DA:335,0
DA:337,0
DA:340,0
DA:343,0
DA:345,0
DA:346,0
DA:347,0
DA:350,0
DA:351,0
DA:353,0
DA:356,0
DA:360,0
DA:364,0
DA:365,0
DA:366,0
DA:367,0
DA:379,0
DA:381,0
DA:383,0
DA:384,0
DA:385,0
DA:386,0
DA:387,0
DA:391,0
DA:392,0
DA:394,0
DA:395,0
DA:396,0
DA:397,0
DA:401,0
DA:404,0
DA:405,0
DA:407,0
DA:409,0
DA:411,0
DA:412,0
DA:417,0
DA:418,0
DA:419,0
DA:420,0
DA:421,0
DA:428,0
DA:432,0
DA:433,0
DA:434,0
DA:446,0
DA:449,0
DA:450,0
DA:451,0
DA:452,0
DA:457,0
DA:458,0
DA:459,0
DA:461,0
DA:464,0
DA:465,0
DA:466,0
DA:468,0
DA:470,0
DA:472,0
DA:476,0
DA:486,0
DA:487,0
DA:488,0
DA:490,0
DA:491,0
DA:492,0
DA:494,0
DA:495,0
DA:496,0
DA:497,0
DA:501,0
DA:502,0
DA:503,0
DA:506,0
DA:508,0
DA:509,0
DA:513,0
DA:517,0
DA:518,0
DA:519,0
DA:520,0
DA:521,0
DA:522,0
DA:523,0
DA:524,0
DA:525,0
DA:526,0
FN:77,boundValue
FNDA:0,boundValue
FN:85,setUp
FNDA:0,setUp
FN:134,register_with_stake
FNDA:0,register_with_stake
FN:170,register_with_erc20_fee
FNDA:0,register_with_erc20_fee
FN:204,register_with_prevalidated_qiStake
FNDA:0,register_with_prevalidated_qiStake
FN:244,register_without_collateral
FNDA:0,register_without_collateral
FN:278,register_with_avax_fee
FNDA:0,register_with_avax_fee
FN:306,withdraw_eth
FNDA:0,withdraw_eth
FN:318,release_locked_tokens_failed
FNDA:0,release_locked_tokens_failed
FN:363,release_locked_tokens_success
FNDA:0,release_locked_tokens_success
FN:431,release_locked_tokens_slash
FNDA:0,release_locked_tokens_slash
FN:484,test_call_sequence_eth
FNDA:0,test_call_sequence_eth
FN:500,echidna_check_fail_registration_withdrawal
FNDA:0,echidna_check_fail_registration_withdrawal
FN:515,test_call_sequence_slash
FNDA:0,test_call_sequence_slash
FN:529,_getRegistrationFee
FNDA:0,_getRegistrationFee
end_of_record
