TN:
SF:/Users/asad97/my-stuff/audits/ignit-cyfrin/ignite/node_modules/@openzeppelin/contracts-upgradeable/access/AccessControlUpgradeable.sol
DA:76,4
DA:84,0
DA:91,8
DA:102,3
DA:114,1
DA:117,0
DA:135,1
DA:150,3
DA:165,1
DA:166,0
DA:186,0
DA:188,0
DA:234,2
DA:236,7
DA:250,0
FN:51,__AccessControl_init
FNDA:0,__AccessControl_init
FN:54,__AccessControl_init_unchained
FNDA:0,__AccessControl_init_unchained
FN:83,supportsInterface
FNDA:0,supportsInterface
FN:90,hasRole
FNDA:1,hasRole
FN:102,_checkRole
FNDA:1,_checkRole
FN:113,_checkRole
FNDA:1,_checkRole
FN:134,getRoleAdmin
FNDA:1,getRoleAdmin
FN:150,grantRole
FNDA:1,grantRole
FN:165,revokeRole
FNDA:1,revokeRole
FN:185,renounceRole
FNDA:0,renounceRole
FN:211,_setupRole
FNDA:0,_setupRole
FN:220,_setRoleAdmin
FNDA:0,_setRoleAdmin
FN:233,_grantRole
FNDA:1,_grantRole
FN:247,_revokeRole
FNDA:0,_revokeRole
end_of_record
SF:/Users/asad97/my-stuff/audits/ignit-cyfrin/ignite/node_modules/@openzeppelin/contracts-upgradeable/access/IAccessControlUpgradeable.sol
end_of_record
SF:/Users/asad97/my-stuff/audits/ignit-cyfrin/ignite/node_modules/@openzeppelin/contracts-upgradeable/proxy/utils/Initializable.sol
DA:84,4
DA:86,1
DA:90,6
DA:96,2
DA:132,28
DA:145,0
DA:146,0
DA:148,0
FN:144,_disableInitializers
FNDA:0,_disableInitializers
FN:155,_getInitializedVersion
FNDA:0,_getInitializedVersion
FN:162,_isInitializing
FNDA:0,_isInitializing
end_of_record
SF:/Users/asad97/my-stuff/audits/ignit-cyfrin/ignite/node_modules/@openzeppelin/contracts-upgradeable/security/PausableUpgradeable.sol
DA:39,2
DA:49,0
DA:51,0
DA:70,1
DA:76,2
DA:95,0
DA:96,0
DA:108,0
FN:34,__Pausable_init
FNDA:0,__Pausable_init
FN:38,__Pausable_init_unchained
FNDA:1,__Pausable_init_unchained
FN:69,paused
FNDA:1,paused
FN:76,_requireNotPaused
FNDA:1,_requireNotPaused
FN:83,_requirePaused
FNDA:0,_requirePaused
FN:94,_pause
FNDA:0,_pause
FN:106,_unpause
FNDA:0,_unpause
end_of_record
SF:/Users/asad97/my-stuff/audits/ignit-cyfrin/ignite/node_modules/@openzeppelin/contracts-upgradeable/security/ReentrancyGuardUpgradeable.sol
DA:35,0
DA:36,4
DA:57,0
DA:63,2
DA:72,4
FN:40,__ReentrancyGuard_init
FNDA:0,__ReentrancyGuard_init
FN:44,__ReentrancyGuard_init_unchained
FNDA:0,__ReentrancyGuard_init_unchained
FN:61,_nonReentrantBefore
FNDA:1,_nonReentrantBefore
FN:69,_nonReentrantAfter
FNDA:1,_nonReentrantAfter
end_of_record
SF:/Users/asad97/my-stuff/audits/ignit-cyfrin/ignite/node_modules/@openzeppelin/contracts-upgradeable/token/ERC20/IERC20Upgradeable.sol
end_of_record
SF:/Users/asad97/my-stuff/audits/ignit-cyfrin/ignite/node_modules/@openzeppelin/contracts-upgradeable/token/ERC20/extensions/IERC20MetadataUpgradeable.sol
end_of_record
SF:/Users/asad97/my-stuff/audits/ignit-cyfrin/ignite/node_modules/@openzeppelin/contracts-upgradeable/token/ERC20/extensions/draft-IERC20PermitUpgradeable.sol
end_of_record
SF:/Users/asad97/my-stuff/audits/ignit-cyfrin/ignite/node_modules/@openzeppelin/contracts-upgradeable/token/ERC20/utils/SafeERC20Upgradeable.sol
DA:19,0
DA:27,3
DA:36,16
DA:111,1
DA:113,5
FN:22,safeTransfer
FNDA:1,safeTransfer
FN:30,safeTransferFrom
FNDA:1,safeTransferFrom
FN:46,safeApprove
FNDA:0,safeApprove
FN:61,safeIncreaseAllowance
FNDA:0,safeIncreaseAllowance
FN:70,safeDecreaseAllowance
FNDA:0,safeDecreaseAllowance
FN:83,safePermit
FNDA:0,safePermit
FN:105,_callOptionalReturn
FNDA:1,_callOptionalReturn
end_of_record
SF:/Users/asad97/my-stuff/audits/ignit-cyfrin/ignite/node_modules/@openzeppelin/contracts-upgradeable/utils/AddressUpgradeable.sol
DA:9,0
DA:41,0
DA:135,12
DA:136,5
DA:177,1
DA:182,3
DA:208,0
DA:211,0
DA:216,0
FN:36,isContract
FNDA:0,isContract
FN:60,sendValue
FNDA:0,sendValue
FN:85,functionCall
FNDA:0,functionCall
FN:95,functionCall
FNDA:0,functionCall
FN:114,functionCallWithValue
FNDA:0,functionCallWithValue
FN:128,functionCallWithValue
FNDA:1,functionCallWithValue
FN:145,functionStaticCall
FNDA:0,functionStaticCall
FN:155,functionStaticCall
FNDA:0,functionStaticCall
FN:170,verifyCallResultFromTarget
FNDA:1,verifyCallResultFromTarget
FN:194,verifyCallResult
FNDA:0,verifyCallResult
FN:206,_revert
FNDA:0,_revert
end_of_record
SF:/Users/asad97/my-stuff/audits/ignit-cyfrin/ignite/node_modules/@openzeppelin/contracts-upgradeable/utils/ContextUpgradeable.sol
DA:24,3
FN:18,__Context_init
FNDA:0,__Context_init
FN:21,__Context_init_unchained
FNDA:0,__Context_init_unchained
FN:23,_msgSender
FNDA:1,_msgSender
FN:27,_msgData
FNDA:0,_msgData
end_of_record
SF:/Users/asad97/my-stuff/audits/ignit-cyfrin/ignite/node_modules/@openzeppelin/contracts-upgradeable/utils/StringsUpgradeable.sol
DA:11,0
DA:12,0
DA:54,0
DA:55,0
DA:56,0
DA:57,0
DA:58,0
DA:60,0
DA:61,0
FN:18,toString
FNDA:0,toString
FN:43,toHexString
FNDA:0,toHexString
FN:52,toHexString
FNDA:0,toHexString
FN:67,toHexString
FNDA:0,toHexString
end_of_record
SF:/Users/asad97/my-stuff/audits/ignit-cyfrin/ignite/node_modules/@openzeppelin/contracts-upgradeable/utils/introspection/ERC165Upgradeable.sol
DA:33,0
FN:24,__ERC165_init
FNDA:0,__ERC165_init
FN:27,__ERC165_init_unchained
FNDA:0,__ERC165_init_unchained
FN:32,supportsInterface
FNDA:0,supportsInterface
end_of_record
SF:/Users/asad97/my-stuff/audits/ignit-cyfrin/ignite/node_modules/@openzeppelin/contracts-upgradeable/utils/introspection/IERC165Upgradeable.sol
end_of_record
SF:/Users/asad97/my-stuff/audits/ignit-cyfrin/ignite/node_modules/@openzeppelin/contracts-upgradeable/utils/math/MathUpgradeable.sol
DA:9,0
FN:19,max
FNDA:0,max
FN:26,min
FNDA:0,min
FN:34,average
FNDA:0,average
FN:45,ceilDiv
FNDA:0,ceilDiv
FN:55,mulDiv
FNDA:0,mulDiv
FN:140,mulDiv
FNDA:0,mulDiv
FN:158,sqrt
FNDA:0,sqrt
FN:194,sqrt
FNDA:0,sqrt
FN:205,log2
FNDA:0,log2
FN:247,log2
FNDA:0,log2
FN:258,log10
FNDA:0,log10
FN:296,log10
FNDA:0,log10
FN:309,log256
FNDA:0,log256
FN:339,log256
FNDA:0,log256
end_of_record
SF:/Users/asad97/my-stuff/audits/ignit-cyfrin/ignite/node_modules/@openzeppelin/contracts-upgradeable/utils/structs/EnumerableSetUpgradeable.sol
DA:41,0
DA:66,3
DA:71,2
DA:73,0
DA:85,0
DA:87,0
DA:96,0
DA:97,0
DA:100,0
DA:111,0
DA:113,0
DA:121,6
DA:244,6
DA:254,0
DA:261,4
FN:65,_add
FNDA:1,_add
FN:83,_remove
FNDA:0,_remove
FN:120,_contains
FNDA:1,_contains
FN:127,_length
FNDA:0,_length
FN:141,_at
FNDA:0,_at
FN:153,_values
FNDA:0,_values
FN:169,add
FNDA:0,add
FN:179,remove
FNDA:0,remove
FN:186,contains
FNDA:0,contains
FN:193,length
FNDA:0,length
FN:207,at
FNDA:0,at
FN:219,values
FNDA:0,values
FN:243,add
FNDA:1,add
FN:253,remove
FNDA:0,remove
FN:260,contains
FNDA:1,contains
FN:267,length
FNDA:0,length
FN:281,at
FNDA:0,at
FN:293,values
FNDA:0,values
FN:317,add
FNDA:0,add
FN:327,remove
FNDA:0,remove
FN:334,contains
FNDA:0,contains
FN:341,length
FNDA:0,length
FN:355,at
FNDA:0,at
FN:367,values
FNDA:0,values
end_of_record
SF:/Users/asad97/my-stuff/audits/ignit-cyfrin/ignite/node_modules/@openzeppelin/contracts/token/ERC20/ERC20.sol
DA:55,0
DA:56,0
DA:63,0
DA:88,0
DA:95,0
DA:115,1
DA:138,3
DA:165,5
DA:183,0
DA:204,0
DA:206,0
DA:231,9
DA:232,2
DA:237,3
DA:245,2
DA:260,1
DA:264,6
DA:269,3
DA:321,2
DA:322,2
DA:324,1
DA:325,2
DA:342,2
DA:343,0
DA:345,0
FN:62,name
FNDA:0,name
FN:70,symbol
FNDA:0,symbol
FN:87,decimals
FNDA:0,decimals
FN:94,totalSupply
FNDA:0,totalSupply
FN:101,balanceOf
FNDA:0,balanceOf
FN:113,transfer
FNDA:1,transfer
FN:122,allowance
FNDA:0,allowance
FN:136,approve
FNDA:1,approve
FN:158,transferFrom
FNDA:1,transferFrom
FN:181,increaseAllowance
FNDA:0,increaseAllowance
FN:201,decreaseAllowance
FNDA:0,decreaseAllowance
FN:226,_transfer
FNDA:1,_transfer
FN:259,_mint
FNDA:1,_mint
FN:285,_burn
FNDA:0,_burn
FN:316,_approve
FNDA:1,_approve
FN:336,_spendAllowance
FNDA:1,_spendAllowance
FN:364,_beforeTokenTransfer
FNDA:0,_beforeTokenTransfer
FN:384,_afterTokenTransfer
FNDA:0,_afterTokenTransfer
end_of_record
SF:/Users/asad97/my-stuff/audits/ignit-cyfrin/ignite/node_modules/@openzeppelin/contracts/token/ERC20/IERC20.sol
end_of_record
SF:/Users/asad97/my-stuff/audits/ignit-cyfrin/ignite/node_modules/@openzeppelin/contracts/token/ERC20/extensions/IERC20Metadata.sol
end_of_record
SF:/Users/asad97/my-stuff/audits/ignit-cyfrin/ignite/node_modules/@openzeppelin/contracts/utils/Context.sol
DA:18,3
FN:17,_msgSender
FNDA:1,_msgSender
FN:21,_msgData
FNDA:0,_msgData
end_of_record
SF:/Users/asad97/my-stuff/audits/ignit-cyfrin/ignite/node_modules/chimera/src/Asserts.sol
FN:5,gt
FNDA:0,gt
FN:7,gte
FNDA:0,gte
FN:9,lt
FNDA:0,lt
FN:11,lte
FNDA:0,lte
FN:13,eq
FNDA:0,eq
FN:15,t
FNDA:0,t
FN:17,between
FNDA:0,between
FN:19,between
FNDA:0,between
FN:21,precondition
FNDA:0,precondition
end_of_record
SF:/Users/asad97/my-stuff/audits/ignit-cyfrin/ignite/node_modules/chimera/src/BaseProperties.sol
end_of_record
SF:/Users/asad97/my-stuff/audits/ignit-cyfrin/ignite/node_modules/chimera/src/BaseSetup.sol
FN:5,setup
FNDA:0,setup
end_of_record
SF:/Users/asad97/my-stuff/audits/ignit-cyfrin/ignite/node_modules/chimera/src/BaseTargetFunctions.sol
end_of_record
SF:/Users/asad97/my-stuff/audits/ignit-cyfrin/ignite/node_modules/chimera/src/CryticAsserts.sol
DA:6,0
FN:9,gt
FNDA:0,gt
FN:16,gte
FNDA:0,gte
FN:23,lt
FNDA:0,lt
FN:30,lte
FNDA:0,lte
FN:37,eq
FNDA:0,eq
FN:44,t
FNDA:0,t
FN:51,between
FNDA:0,between
FN:59,between
FNDA:0,between
FN:70,precondition
FNDA:0,precondition
end_of_record
SF:/Users/asad97/my-stuff/audits/ignit-cyfrin/ignite/node_modules/chimera/src/Hevm.sol
DA:54,677
end_of_record
SF:/Users/asad97/my-stuff/audits/ignit-cyfrin/ignite/src/IPriceFeed.sol
end_of_record
SF:/Users/asad97/my-stuff/audits/ignit-cyfrin/ignite/src/IStakedAvax.sol
end_of_record
SF:/Users/asad97/my-stuff/audits/ignit-cyfrin/ignite/src/Ignite.sol
DA:18,0
DA:28,1
DA:29,1
DA:30,0
DA:31,0
DA:32,0
DA:33,0
DA:35,6
DA:36,5
DA:37,5
DA:38,5
DA:39,1
DA:43,0
DA:44,0
DA:130,4
DA:136,4
DA:143,1
DA:144,1
DA:146,1
DA:147,1
DA:149,1
DA:157,6
DA:181,2
DA:184,2
DA:187,37
DA:188,2
DA:189,4
DA:191,37
DA:192,2
DA:193,4
DA:208,8
DA:209,1
DA:210,1
DA:215,11
DA:218,2
DA:219,3
DA:221,8
DA:222,6
DA:223,4
DA:227,3
DA:229,3
DA:231,8
DA:256,5
DA:257,4
DA:260,9
DA:264,6
DA:271,10
DA:295,2
DA:296,39
DA:298,8
DA:299,6
DA:300,4
DA:302,7
DA:303,39
DA:305,4
DA:306,2
DA:309,2
DA:311,15
DA:336,8
DA:338,3
DA:339,4
DA:373,3
DA:377,2
DA:378,5
DA:380,6
DA:381,6
DA:382,4
DA:385,2
DA:387,3
DA:389,8
DA:399,9
DA:409,0
DA:410,0
DA:412,0
DA:414,0
DA:415,0
DA:420,0
DA:421,0
DA:424,0
DA:426,0
DA:428,0
DA:431,0
DA:433,0
DA:434,0
DA:436,0
DA:438,0
DA:440,0
DA:443,0
DA:447,0
DA:450,0
DA:456,0
DA:457,0
DA:459,0
DA:461,0
DA:462,0
DA:464,0
DA:465,0
DA:466,0
DA:471,0
DA:474,0
DA:476,0
DA:478,0
DA:479,0
DA:483,0
DA:492,0
DA:500,0
DA:508,0
DA:523,0
DA:525,0
DA:526,0
DA:538,0
DA:547,3
DA:555,7
DA:557,7
DA:561,2
DA:565,2
DA:578,0
DA:580,0
DA:581,0
DA:583,0
DA:585,0
DA:587,0
DA:592,0
DA:593,0
DA:595,0
DA:598,0
DA:604,0
DA:605,0
DA:609,0
DA:610,0
DA:611,0
DA:617,0
DA:622,0
DA:623,0
DA:625,0
DA:627,0
DA:630,0
DA:632,0
DA:634,0
DA:637,0
DA:638,0
DA:640,0
DA:642,0
DA:645,0
DA:651,0
DA:652,0
DA:654,0
DA:659,0
DA:661,0
DA:663,0
DA:664,0
DA:666,0
DA:667,0
DA:669,0
DA:671,0
DA:672,0
DA:673,0
DA:675,0
DA:676,0
DA:678,0
DA:680,0
DA:685,0
DA:687,0
DA:689,0
DA:694,0
DA:695,0
DA:697,0
DA:699,0
DA:702,0
DA:705,0
DA:713,0
DA:722,0
DA:732,0
DA:733,0
DA:735,0
DA:738,0
DA:746,0
DA:747,0
DA:749,0
DA:752,0
DA:760,0
DA:762,0
DA:765,0
DA:776,0
DA:777,0
DA:779,0
DA:782,0
DA:796,1
DA:797,2
DA:798,4
DA:803,1
DA:804,1
DA:806,41
DA:807,2
DA:808,2
DA:810,2
DA:818,0
DA:819,0
DA:822,0
DA:823,0
DA:824,0
DA:829,0
DA:843,0
DA:845,0
DA:846,0
DA:848,0
DA:855,12
DA:856,0
DA:857,0
DA:859,0
DA:868,0
DA:869,0
DA:871,0
DA:872,0
DA:877,0
DA:890,0
DA:892,0
DA:919,2
DA:921,1
DA:925,12
DA:930,8
DA:931,12
DA:932,12
DA:933,12
DA:937,8
DA:972,10
DA:974,25
DA:978,5
DA:980,8
DA:987,30
DA:993,5
DA:994,5
DA:1000,5
DA:1001,5
DA:1003,15
DA:1006,15
DA:1025,0
DA:1026,0
DA:1028,0
DA:1030,0
DA:1031,0
DA:1033,0
DA:1034,0
DA:1035,0
DA:1042,0
DA:1043,0
DA:1046,0
DA:1047,0
DA:1048,0
DA:1056,0
DA:1065,2
DA:1066,1
DA:1069,2
DA:1070,1
DA:1073,2
DA:1074,1
DA:1077,1
DA:1078,1
DA:1081,0
FN:120,initialize
FNDA:1,initialize
FN:171,_initialisePriceFeeds
FNDA:1,_initialisePriceFeeds
FN:202,registerWithStake
FNDA:1,registerWithStake
FN:251,registerWithAvaxFee
FNDA:1,registerWithAvaxFee
FN:285,registerWithErc20Fee
FNDA:1,registerWithErc20Fee
FN:331,registerWithoutCollateral
FNDA:1,registerWithoutCollateral
FN:365,registerWithPrevalidatedQiStake
FNDA:1,registerWithPrevalidatedQiStake
FN:408,redeemAfterExpiry
FNDA:0,redeemAfterExpiry
FN:490,getTotalRegistrations
FNDA:0,getTotalRegistrations
FN:499,getTotalErc20PaymentMethods
FNDA:0,getTotalErc20PaymentMethods
FN:507,getErc20PaymentMethods
FNDA:0,getErc20PaymentMethods
FN:518,getRegistrationsByAccount
FNDA:0,getRegistrationsByAccount
FN:537,getAccountRegistrationCount
FNDA:0,getAccountRegistrationCount
FN:546,getRegistrationFee
FNDA:1,getRegistrationFee
FN:554,withdraw
FNDA:1,withdraw
FN:574,releaseLockedTokens
FNDA:0,releaseLockedTokens
FN:712,pause
FNDA:0,pause
FN:721,unpause
FNDA:0,unpause
FN:731,setQiSlashPercentage
FNDA:0,setQiSlashPercentage
FN:745,setAvaxSlashPercentage
FNDA:0,setAvaxSlashPercentage
FN:759,setMaximumSubsidisationAmount
FNDA:0,setMaximumSubsidisationAmount
FN:775,setQiPriceMultiplier
FNDA:0,setQiPriceMultiplier
FN:791,addPaymentToken
FNDA:1,addPaymentToken
FN:817,removePaymentToken
FNDA:0,removePaymentToken
FN:838,configurePriceFeed
FNDA:1,configurePriceFeed
FN:867,setAvaxDepositRange
FNDA:0,setAvaxDepositRange
FN:889,setValidatorRewarder
FNDA:0,setValidatorRewarder
FN:907,_registerWithChecks
FNDA:1,_registerWithChecks
FN:962,_register
FNDA:1,_register
FN:1024,_deleteRegistration
FNDA:0,_deleteRegistration
FN:1064,_getRegistrationFee
FNDA:1,_getRegistrationFee
end_of_record
SF:/Users/asad97/my-stuff/audits/ignit-cyfrin/ignite/src/IgniteStorage.sol
DA:12,0
DA:19,0
DA:22,0
DA:68,0
DA:71,0
DA:74,0
DA:77,0
DA:80,0
DA:83,0
DA:86,0
DA:89,0
DA:92,0
DA:95,0
DA:98,1
DA:101,0
DA:104,0
DA:107,0
DA:110,0
DA:113,0
DA:116,0
end_of_record
SF:/Users/asad97/my-stuff/audits/ignit-cyfrin/ignite/src/ValidatorRewarder.sol
DA:13,0
DA:20,0
DA:21,0
DA:22,0
DA:56,0
DA:57,0
DA:58,0
DA:67,0
DA:71,0
DA:73,0
DA:75,0
DA:86,0
DA:95,0
DA:103,0
DA:104,0
DA:107,0
DA:109,0
DA:117,0
DA:118,0
DA:121,0
DA:130,0
DA:141,0
FN:45,initialize
FNDA:0,initialize
FN:66,claimRewards
FNDA:0,claimRewards
FN:85,calculateRewardAmount
FNDA:0,calculateRewardAmount
FN:94,_calculateRewardAmount
FNDA:0,_calculateRewardAmount
FN:102,withdraw
FNDA:0,withdraw
FN:116,setTargetApr
FNDA:0,setTargetApr
FN:129,pause
FNDA:0,pause
FN:140,unpause
FNDA:0,unpause
end_of_record
SF:/Users/asad97/my-stuff/audits/ignit-cyfrin/ignite/src/ValidatorRewarderStorage.sol
DA:6,0
DA:8,0
DA:11,0
DA:14,0
end_of_record
SF:/Users/asad97/my-stuff/audits/ignit-cyfrin/ignite/test/chiemara/BeforeAfter.sol
FN:15,__before
FNDA:0,__before
FN:19,__after
FNDA:0,__after
end_of_record
SF:/Users/asad97/my-stuff/audits/ignit-cyfrin/ignite/test/chiemara/CryticTester.sol
DA:9,1744
end_of_record
SF:/Users/asad97/my-stuff/audits/ignit-cyfrin/ignite/test/chiemara/Properties.sol
DA:11,0
DA:14,0
FN:10,echidna_check_eth_balance
FNDA:0,echidna_check_eth_balance
FN:13,echidna_check_qi_balance
FNDA:0,echidna_check_qi_balance
end_of_record
SF:/Users/asad97/my-stuff/audits/ignit-cyfrin/ignite/test/chiemara/Setup.sol
DA:15,1
DA:17,2
DA:18,2
DA:20,2
DA:21,2
DA:23,0
DA:32,1
DA:34,11
DA:35,1
DA:36,1
DA:37,1
DA:38,1
DA:39,12
DA:40,0
DA:41,0
DA:42,0
DA:43,0
DA:45,18
DA:53,0
DA:54,0
DA:55,0
DA:56,0
DA:57,0
DA:58,0
DA:59,0
DA:60,0
DA:61,0
DA:62,0
DA:63,0
DA:68,0
DA:72,0
DA:74,0
DA:75,0
DA:76,0
DA:77,0
DA:78,0
DA:79,0
DA:81,0
DA:82,0
DA:83,0
DA:84,0
DA:86,0
DA:87,0
DA:88,0
FN:44,boundValue
FNDA:1,boundValue
FN:49,setup
FNDA:0,setup
end_of_record
SF:/Users/asad97/my-stuff/audits/ignit-cyfrin/ignite/test/chiemara/TargetFunctions.sol
DA:16,1
DA:18,1
DA:19,4
DA:21,5
DA:22,4
DA:23,1
DA:24,1
DA:25,6
DA:26,6
DA:27,4
DA:28,33
DA:29,13
DA:30,3
DA:31,1
DA:38,1
DA:39,1
DA:40,4
DA:42,5
DA:43,2
DA:45,1
DA:46,1
DA:47,10
DA:48,2
DA:49,3
DA:50,33
DA:51,10
DA:55,3
DA:56,2
DA:57,3
DA:59,2
DA:61,36
DA:62,3
DA:64,3
DA:65,1
DA:67,2
DA:69,1
DA:71,6
DA:72,32
DA:73,10
DA:76,1
DA:77,1
DA:78,4
DA:80,5
DA:81,36
DA:82,3
DA:84,36
DA:85,10
DA:89,1
DA:91,3
DA:93,2
DA:94,2
DA:95,6
DA:97,33
DA:98,11
DA:103,2
DA:104,3
DA:106,6
DA:107,34
DA:108,25
FN:13,register_With_Stake
FNDA:1,register_With_Stake
FN:33,register_With_Erc20_Fee
FNDA:1,register_With_Erc20_Fee
FN:54,register_With_Prevalidated_QiStake
FNDA:1,register_With_Prevalidated_QiStake
FN:75,register_Without_Collateral
FNDA:1,register_Without_Collateral
FN:88,register_With_Avax_Fee
FNDA:1,register_With_Avax_Fee
FN:101,withdraw_eth
FNDA:1,withdraw_eth
end_of_record
SF:/Users/asad97/my-stuff/audits/ignit-cyfrin/ignite/test/contracts/FaucetToken.sol
DA:15,0
DA:16,0
DA:20,3
DA:24,1
FN:19,mint
FNDA:1,mint
FN:23,decimals
FNDA:1,decimals
end_of_record
SF:/Users/asad97/my-stuff/audits/ignit-cyfrin/ignite/test/contracts/PriceFeed.sol
DA:18,0
DA:22,1
FN:21,latestRoundData
FNDA:1,latestRoundData
FN:25,setPrice
FNDA:0,setPrice
FN:29,setUpdatedAtTimestamp
FNDA:0,setUpdatedAtTimestamp
end_of_record
SF:/Users/asad97/my-stuff/audits/ignit-cyfrin/ignite/test/contracts/StakedAvax.sol
DA:5,0
FN:6,accrueRewards
FNDA:0,accrueRewards
end_of_record
